2023-06-12 09:56:35,303 [INFO] Activator:176 - 


2023-06-12 09:56:35,317 [INFO] Activator:177 - !SESSION log4j initialized
2023-06-12 09:56:52,707 [INFO] LogOutputStream:77 - [STDOUT_REDIRECT] 
2023-06-12 09:57:17,727 [ERROR] LogOutputStream:75 - [STDERR_REDIRECT] SLF4J: Failed to load class "org.slf4j.impl.StaticLoggerBinder".
2023-06-12 09:57:17,729 [ERROR] LogOutputStream:75 - [STDERR_REDIRECT] SLF4J: Defaulting to no-operation (NOP) logger implementation
2023-06-12 09:57:17,734 [ERROR] LogOutputStream:75 - [STDERR_REDIRECT] SLF4J: See http://www.slf4j.org/codes.html#StaticLoggerBinder for further details.
2023-06-12 09:58:37,969 [INFO] ApplicationProperties:184 - Using Application install path: C:\ST\STM32CubeIDE_1.12.0\STM32CubeIDE\plugins\com.st.stm32cube.common.mx_6.8.0.202302231600
2023-06-12 09:58:38,011 [INFO] DbMcusXml:78 - Set database path to: C:\ST\STM32CubeIDE_1.12.0\STM32CubeIDE\plugins\com.st.stm32cube.common.mx_6.8.0.202302231600\\db\/mcu/
2023-06-12 09:58:38,012 [INFO] ApiDb:274 - Set plugin database path to: C:\ST\STM32CubeIDE_1.12.0\STM32CubeIDE\plugins\com.st.stm32cube.common.mx_6.8.0.202302231600\\db\/plugins/boardmanager/
2023-06-12 09:58:38,015 [WARN] ApiDb:259 - Overriding images path with different value:  => C:\ST\STM32CubeIDE_1.12.0\STM32CubeIDE\plugins\com.st.stm32cube.common.mx_6.8.0.202302231600\\db\/plugins/mcufinder/images/
2023-06-12 09:58:38,078 [INFO] ApiDb:250 - Set database path to: C:\Users\jasie\.stmcufinder\plugins\mcufinder//mcu/
2023-06-12 09:58:38,080 [INFO] DbMcusAds:125 - Set database path to: C:\Users\jasie\.stmcufinder\plugins\mcufinder//mcu/
2023-06-12 09:58:38,109 [INFO] CrossReferenceDbSqlite:203 - Set database path to: C:\Users\jasie\.stmcufinder\plugins\mcufinder//mcu/cs/
2023-06-12 09:58:38,348 [INFO] RulesReader:64 - Compatibility file has been processed (293 Rules)
2023-06-12 09:58:38,522 [INFO] DbMcusXml:78 - Set database path to: C:\ST\STM32CubeIDE_1.12.0\STM32CubeIDE\plugins\com.st.stm32cube.common.mx_6.8.0.202302231600\\db\/mcu/
2023-06-12 09:58:38,522 [INFO] ApiDb:274 - Set plugin database path to: C:\ST\STM32CubeIDE_1.12.0\STM32CubeIDE\plugins\com.st.stm32cube.common.mx_6.8.0.202302231600\\db\/plugins/boardmanager/
2023-06-12 09:58:38,522 [INFO] ApiDb:261 - Set plugin images path to: C:\ST\STM32CubeIDE_1.12.0\STM32CubeIDE\plugins\com.st.stm32cube.common.mx_6.8.0.202302231600\\db\/plugins/mcufinder/images/
2023-06-12 09:58:38,523 [WARN] DbFile:41 - Overriding database path with different value: C:\Users\jasie\.stmcufinder\plugins\mcufinder/ => C:\Users\jasie\.stmcufinder\plugins\mcufinder
2023-06-12 09:58:38,523 [INFO] ApiDb:250 - Set database path to: C:\Users\jasie\.stmcufinder\plugins\mcufinder//mcu/
2023-06-12 09:58:38,523 [WARN] DbFile:41 - Overriding database path with different value: C:\Users\jasie\.stmcufinder\plugins\mcufinder/ => C:\Users\jasie\.stmcufinder\plugins\mcufinder
2023-06-12 09:58:38,523 [INFO] DbMcusAds:125 - Set database path to: C:\Users\jasie\.stmcufinder\plugins\mcufinder//mcu/
2023-06-12 09:58:38,523 [WARN] DbFile:41 - Overriding database path with different value: C:\Users\jasie\.stmcufinder\plugins\mcufinder/ => C:\Users\jasie\.stmcufinder\plugins\mcufinder
2023-06-12 09:58:38,523 [WARN] DbFile:41 - Overriding database path with different value: C:\Users\jasie\.stmcufinder\plugins\mcufinder/ => C:\Users\jasie\.stmcufinder\plugins\mcufinder
2023-06-12 09:58:38,524 [INFO] CrossReferenceDbSqlite:203 - Set database path to: C:\Users\jasie\.stmcufinder\plugins\mcufinder//mcu/cs/
2023-06-12 09:58:38,678 [INFO] MainPanel:253 - HeapMemory: 438304768
2023-06-12 09:58:38,872 [INFO] DbMcusXml:78 - Set database path to: C:\ST\STM32CubeIDE_1.12.0\STM32CubeIDE\plugins\com.st.stm32cube.common.mx_6.8.0.202302231600\\db\/mcu/
2023-06-12 09:58:38,872 [INFO] ApiDb:274 - Set plugin database path to: C:\ST\STM32CubeIDE_1.12.0\STM32CubeIDE\plugins\com.st.stm32cube.common.mx_6.8.0.202302231600\\db\/plugins/boardmanager/
2023-06-12 09:58:38,872 [INFO] ApiDb:261 - Set plugin images path to: C:\ST\STM32CubeIDE_1.12.0\STM32CubeIDE\plugins\com.st.stm32cube.common.mx_6.8.0.202302231600\\db\/plugins/mcufinder/images/
2023-06-12 09:58:38,872 [WARN] DbFile:41 - Overriding database path with different value: C:\Users\jasie\.stmcufinder\plugins\mcufinder/ => C:\Users\jasie\.stmcufinder\plugins\mcufinder
2023-06-12 09:58:38,873 [INFO] ApiDb:250 - Set database path to: C:\Users\jasie\.stmcufinder\plugins\mcufinder//mcu/
2023-06-12 09:58:38,873 [WARN] DbFile:41 - Overriding database path with different value: C:\Users\jasie\.stmcufinder\plugins\mcufinder/ => C:\Users\jasie\.stmcufinder\plugins\mcufinder
2023-06-12 09:58:38,873 [INFO] DbMcusAds:125 - Set database path to: C:\Users\jasie\.stmcufinder\plugins\mcufinder//mcu/
2023-06-12 09:58:38,873 [WARN] DbFile:41 - Overriding database path with different value: C:\Users\jasie\.stmcufinder\plugins\mcufinder/ => C:\Users\jasie\.stmcufinder\plugins\mcufinder
2023-06-12 09:58:38,873 [WARN] DbFile:41 - Overriding database path with different value: C:\Users\jasie\.stmcufinder\plugins\mcufinder/ => C:\Users\jasie\.stmcufinder\plugins\mcufinder
2023-06-12 09:58:38,873 [INFO] CrossReferenceDbSqlite:203 - Set database path to: C:\Users\jasie\.stmcufinder\plugins\mcufinder//mcu/cs/
2023-06-12 09:58:38,909 [INFO] ApplicationProperties:184 - Using Application install path: C:\ST\STM32CubeIDE_1.12.0\STM32CubeIDE\plugins\com.st.stm32cube.common.mx_6.8.0.202302231600
2023-06-12 09:58:38,912 [INFO] PluginManage:196 - Search for loadable plugins [exclusion list=, ]
2023-06-12 09:58:38,916 [INFO] PluginManage:310 - Check plugin analytics
2023-06-12 09:58:39,378 [INFO] AnalyticsPlugin:253 - Accepted Software Licenses: STM32CubeMX.6.8.0
2023-06-12 09:58:39,379 [INFO] AnalyticsPlugin:255 - Accepted CMSIS Pack Licenses: 
2023-06-12 09:58:39,379 [INFO] AnalyticsPlugin:257 - Accepted Firmware Licenses: FW.G4.1.5.0
2023-06-12 09:58:39,415 [INFO] PluginManage:359 - Loaded plugin analytics (category:tool,tabindex:-1)
2023-06-12 09:58:39,416 [INFO] PluginManage:310 - Check plugin cadmodel
2023-06-12 09:58:39,456 [INFO] CADModel:105 - Init CAD model plugin
2023-06-12 09:58:39,457 [INFO] PluginManage:359 - Loaded plugin cadmodel (category:power,tabindex:5)
2023-06-12 09:58:39,458 [INFO] PluginManage:310 - Check plugin clock
2023-06-12 09:58:39,512 [INFO] PluginManage:359 - Loaded plugin clock (category:base,tabindex:2)
2023-06-12 09:58:39,512 [INFO] PluginManage:310 - Check plugin ddr
2023-06-12 09:58:39,519 [INFO] PluginManage:359 - Loaded plugin ddr (category:tool,tabindex:6)
2023-06-12 09:58:39,520 [INFO] PluginManage:310 - Check plugin filemanager
2023-06-12 09:58:39,856 [INFO] PluginManage:359 - Loaded plugin filemanager (category:base,tabindex:10)
2023-06-12 09:58:39,856 [INFO] PluginManage:310 - Check plugin ipmanager
2023-06-12 09:58:39,872 [INFO] PluginManage:359 - Loaded plugin ipmanager (category:base,tabindex:5)
2023-06-12 09:58:39,872 [INFO] PluginManage:310 - Check plugin lpbam
2023-06-12 09:58:39,914 [INFO] PluginManage:359 - Loaded plugin lpbam (category:base,tabindex:0)
2023-06-12 09:58:39,915 [INFO] PluginManage:310 - Check plugin pinoutandconfiguration
2023-06-12 09:58:39,952 [INFO] PluginManage:359 - Loaded plugin pinoutandconfiguration (category:base,tabindex:1)
2023-06-12 09:58:39,953 [INFO] PluginManage:310 - Check plugin pinoutconfig
2023-06-12 09:58:40,130 [WARN] SupportedApi:132 - Cannot load RTOS API schema: s4s-elt-must-match.1: The content of 'definitions' must match (annotation?, (simpleType | complexType)?, (unique | key | keyref)*)). A problem was found starting at: attribute.
2023-06-12 09:58:40,450 [INFO] PluginManage:359 - Loaded plugin pinoutconfig (category:base,tabindex:0)
2023-06-12 09:58:40,450 [INFO] PluginManage:310 - Check plugin power
2023-06-12 09:58:40,488 [INFO] PluginManage:359 - Loaded plugin power (category:power,tabindex:4)
2023-06-12 09:58:40,488 [INFO] PluginManage:310 - Check plugin projectmanager
2023-06-12 09:58:40,516 [INFO] PluginManage:359 - Loaded plugin projectmanager (category:projectmanager,tabindex:3)
2023-06-12 09:58:40,516 [INFO] PluginManage:310 - Check plugin thirdparty
2023-06-12 09:58:41,060 [INFO] PluginManage:359 - Loaded plugin thirdparty (category:base,tabindex:-1)
2023-06-12 09:58:41,060 [WARN] IntegrityCheckThread:84 - waiting for thirdparty lock release [integrity check]
2023-06-12 09:58:41,061 [INFO] PluginManage:310 - Check plugin tools
2023-06-12 09:58:41,061 [INFO] IntegrityCheckThread:86 - entering critical section [integrity check]
2023-06-12 09:58:41,063 [INFO] ThirdPartyUpdaterWithRetryManager:70 - Updater plugin not ready yet. [1/15]
2023-06-12 09:58:41,097 [INFO] PluginManage:359 - Loaded plugin tools (category:base,tabindex:7)
2023-06-12 09:58:41,097 [INFO] PluginManage:310 - Check plugin tutovideos
2023-06-12 09:58:41,603 [INFO] PluginManage:359 - Loaded plugin tutovideos (category:base,tabindex:-1)
2023-06-12 09:58:41,603 [INFO] PluginManage:310 - Check plugin updater
2023-06-12 09:58:41,629 [INFO] PluginManage:359 - Loaded plugin updater (category:base,tabindex:12)
2023-06-12 09:58:41,630 [INFO] PluginManage:283 - PluginManage : Loaded plugins [15]
2023-06-12 09:58:42,156 [INFO] PinOutPanel:1499 - setPackage(No Configuration,No Configuration)
2023-06-12 09:58:42,301 [INFO] CADModel:165 - CPN selected for project level
2023-06-12 09:58:42,301 [INFO] CADModel:114 - Register for checkConnection events
2023-06-12 09:58:42,395 [INFO] IPUIPlugin:80 - create IPUIPlugin
2023-06-12 09:58:42,397 [INFO] PluginManager:220 - loadIPPluginJar : add adc
2023-06-12 09:58:42,517 [INFO] IPUIPlugin:80 - create IPUIPlugin
2023-06-12 09:58:42,518 [INFO] PluginManager:220 - loadIPPluginJar : add aes
2023-06-12 09:58:42,648 [INFO] IPUIPlugin:80 - create IPUIPlugin
2023-06-12 09:58:42,650 [INFO] PluginManager:220 - loadIPPluginJar : add can
2023-06-12 09:58:42,709 [INFO] IPUIPlugin:80 - create IPUIPlugin
2023-06-12 09:58:42,711 [INFO] PluginManager:220 - loadIPPluginJar : add comp
2023-06-12 09:58:42,824 [INFO] IPUIPlugin:80 - create IPUIPlugin
2023-06-12 09:58:42,824 [INFO] PluginManager:220 - loadIPPluginJar : add cryp
2023-06-12 09:58:42,937 [INFO] IPUIPlugin:80 - create IPUIPlugin
2023-06-12 09:58:42,937 [INFO] PluginManager:220 - loadIPPluginJar : add dfsdm
2023-06-12 09:58:42,977 [INFO] IPUIPlugin:80 - create IPUIPlugin
2023-06-12 09:58:42,978 [INFO] PluginManager:220 - loadIPPluginJar : add dma
2023-06-12 09:58:43,082 [INFO] IPUIPlugin:80 - create IPUIPlugin
2023-06-12 09:58:43,084 [INFO] PluginManager:220 - loadIPPluginJar : add dma3
2023-06-12 09:58:43,138 [INFO] IPUIPlugin:80 - create IPUIPlugin
2023-06-12 09:58:43,138 [INFO] PluginManager:220 - loadIPPluginJar : add fatfs
2023-06-12 09:58:43,253 [INFO] IPUIPlugin:80 - create IPUIPlugin
2023-06-12 09:58:43,253 [INFO] PluginManager:220 - loadIPPluginJar : add fmc
2023-06-12 09:58:43,287 [INFO] IPUIPlugin:80 - create IPUIPlugin
2023-06-12 09:58:43,287 [INFO] PluginManager:220 - loadIPPluginJar : add freertos
2023-06-12 09:58:43,330 [INFO] IPUIPlugin:80 - create IPUIPlugin
2023-06-12 09:58:43,331 [INFO] PluginManager:220 - loadIPPluginJar : add genericplugin
2023-06-12 09:58:43,570 [INFO] IPUIPlugin:80 - create IPUIPlugin
2023-06-12 09:58:43,571 [INFO] PluginManager:220 - loadIPPluginJar : add gfxmmu
2023-06-12 09:58:43,893 [INFO] IPUIPlugin:80 - create IPUIPlugin
2023-06-12 09:58:43,894 [INFO] PluginManager:220 - loadIPPluginJar : add gic
2023-06-12 09:58:43,926 [INFO] IPUIPlugin:80 - create IPUIPlugin
2023-06-12 09:58:43,926 [INFO] PluginManager:220 - loadIPPluginJar : add gpio
2023-06-12 09:58:44,064 [INFO] ThirdPartyUpdaterWithRetryManager:70 - Updater plugin not ready yet. [2/15]
2023-06-12 09:58:44,157 [INFO] IPUIPlugin:80 - create IPUIPlugin
2023-06-12 09:58:44,158 [INFO] PluginManager:220 - loadIPPluginJar : add gtzc
2023-06-12 09:58:44,242 [INFO] IPUIPlugin:80 - create IPUIPlugin
2023-06-12 09:58:44,242 [INFO] PluginManager:220 - loadIPPluginJar : add hash
2023-06-12 09:58:44,378 [INFO] IPUIPlugin:80 - create IPUIPlugin
2023-06-12 09:58:44,378 [INFO] PluginManager:220 - loadIPPluginJar : add i2c
2023-06-12 09:58:44,481 [INFO] IPUIPlugin:80 - create IPUIPlugin
2023-06-12 09:58:44,482 [INFO] PluginManager:220 - loadIPPluginJar : add i2s
2023-06-12 09:58:44,594 [INFO] IPUIPlugin:80 - create IPUIPlugin
2023-06-12 09:58:44,594 [INFO] PluginManager:220 - loadIPPluginJar : add i3c
2023-06-12 09:58:44,894 [INFO] IPUIPlugin:80 - create IPUIPlugin
2023-06-12 09:58:44,894 [INFO] PluginManager:220 - loadIPPluginJar : add ipddr
2023-06-12 09:58:45,139 [INFO] IPUIPlugin:80 - create IPUIPlugin
2023-06-12 09:58:45,139 [INFO] PluginManager:220 - loadIPPluginJar : add linkedlist
2023-06-12 09:58:45,239 [INFO] IPUIPlugin:80 - create IPUIPlugin
2023-06-12 09:58:45,239 [INFO] PluginManager:220 - loadIPPluginJar : add lorawan
2023-06-12 09:58:45,364 [INFO] IPUIPlugin:80 - create IPUIPlugin
2023-06-12 09:58:45,364 [INFO] PluginManager:220 - loadIPPluginJar : add ltdc
2023-06-12 09:58:45,396 [INFO] IPUIPlugin:80 - create IPUIPlugin
2023-06-12 09:58:45,396 [INFO] PluginManager:220 - loadIPPluginJar : add mdma
2023-06-12 09:58:45,424 [INFO] IPUIPlugin:80 - create IPUIPlugin
2023-06-12 09:58:45,424 [INFO] PluginManager:220 - loadIPPluginJar : add nvic
2023-06-12 09:58:45,512 [INFO] IPUIPlugin:80 - create IPUIPlugin
2023-06-12 09:58:45,513 [INFO] PluginManager:220 - loadIPPluginJar : add opamp
2023-06-12 09:58:45,678 [INFO] IPUIPlugin:80 - create IPUIPlugin
2023-06-12 09:58:45,678 [INFO] PluginManager:220 - loadIPPluginJar : add openamp
2023-06-12 09:58:45,777 [INFO] IPUIPlugin:80 - create IPUIPlugin
2023-06-12 09:58:45,777 [INFO] PluginManager:220 - loadIPPluginJar : add pdm2pcm
2023-06-12 09:58:45,805 [INFO] IPUIPlugin:80 - create IPUIPlugin
2023-06-12 09:58:45,809 [INFO] PluginManager:220 - loadIPPluginJar : add plateformsettings
2023-06-12 09:58:45,851 [INFO] IPUIPlugin:80 - create IPUIPlugin
2023-06-12 09:58:45,851 [INFO] PluginManager:220 - loadIPPluginJar : add quadspi
2023-06-12 09:58:45,875 [INFO] IPUIPlugin:80 - create IPUIPlugin
2023-06-12 09:58:45,875 [INFO] PluginManager:220 - loadIPPluginJar : add resmgrutility
2023-06-12 09:58:45,989 [INFO] IPUIPlugin:80 - create IPUIPlugin
2023-06-12 09:58:45,989 [INFO] PluginManager:220 - loadIPPluginJar : add sai
2023-06-12 09:58:46,082 [INFO] IPUIPlugin:80 - create IPUIPlugin
2023-06-12 09:58:46,083 [INFO] PluginManager:220 - loadIPPluginJar : add spi
2023-06-12 09:58:46,234 [INFO] IPUIPlugin:80 - create IPUIPlugin
2023-06-12 09:58:46,235 [INFO] PluginManager:220 - loadIPPluginJar : add stm32_wpan
2023-06-12 09:58:46,290 [INFO] IPUIPlugin:80 - create IPUIPlugin
2023-06-12 09:58:46,290 [INFO] PluginManager:220 - loadIPPluginJar : add tim
2023-06-12 09:58:46,437 [INFO] IPUIPlugin:80 - create IPUIPlugin
2023-06-12 09:58:46,437 [INFO] PluginManager:220 - loadIPPluginJar : add touchsensing
2023-06-12 09:58:46,497 [INFO] IPUIPlugin:80 - create IPUIPlugin
2023-06-12 09:58:46,498 [INFO] PluginManager:220 - loadIPPluginJar : add tracer_emb
2023-06-12 09:58:46,555 [INFO] IPUIPlugin:80 - create IPUIPlugin
2023-06-12 09:58:46,555 [INFO] PluginManager:220 - loadIPPluginJar : add ts
2023-06-12 09:58:46,603 [INFO] IPUIPlugin:80 - create IPUIPlugin
2023-06-12 09:58:46,603 [INFO] PluginManager:220 - loadIPPluginJar : add tsc
2023-06-12 09:58:46,651 [INFO] IPUIPlugin:80 - create IPUIPlugin
2023-06-12 09:58:46,651 [INFO] PluginManager:220 - loadIPPluginJar : add ucpd
2023-06-12 09:58:46,758 [INFO] IPUIPlugin:80 - create IPUIPlugin
2023-06-12 09:58:46,758 [INFO] PluginManager:220 - loadIPPluginJar : add usart
2023-06-12 09:58:46,866 [INFO] IPUIPlugin:80 - create IPUIPlugin
2023-06-12 09:58:46,866 [INFO] PluginManager:220 - loadIPPluginJar : add usbx
2023-06-12 09:58:47,075 [INFO] CADModel:165 - CPN selected for project level
2023-06-12 09:58:47,075 [INFO] CADModel:114 - Register for checkConnection events
2023-06-12 09:58:47,076 [FATAL] Updater:308 - Updater called before beeing initialized
2023-06-12 09:58:47,076 [ERROR] CADModel:125 - Updater not yet initialized, retry later 
2023-06-12 09:58:47,078 [INFO] ThirdPartyUpdaterWithRetryManager:70 - Updater plugin not ready yet. [3/15]
2023-06-12 09:58:47,433 [INFO] CADModel:165 - CPN selected for project level
2023-06-12 09:58:47,433 [INFO] CADModel:114 - Register for checkConnection events
2023-06-12 09:58:47,434 [FATAL] Updater:308 - Updater called before beeing initialized
2023-06-12 09:58:47,434 [ERROR] CADModel:125 - Updater not yet initialized, retry later 
2023-06-12 09:58:47,444 [FATAL] Updater:308 - Updater called before beeing initialized
2023-06-12 09:58:47,907 [FATAL] Updater:308 - Updater called before beeing initialized
2023-06-12 09:58:47,984 [INFO] DbMcusAds:53 - JSON generation date=Tue Mar 07 09:50:54 CET 2023 (1678179054945)
2023-06-12 09:58:47,985 [FATAL] Updater:308 - Updater called before beeing initialized
2023-06-12 09:58:48,141 [WARN] DetailPanel:346 - Failed to get advertising image, set to default
2023-06-12 09:58:48,639 [FATAL] Updater:308 - Updater called before beeing initialized
2023-06-12 09:58:48,644 [FATAL] Updater:308 - Updater called before beeing initialized
2023-06-12 09:58:48,645 [FATAL] Updater:308 - Updater called before beeing initialized
2023-06-12 09:58:48,645 [WARN] DetailPanel:346 - Failed to get advertising image, set to default
2023-06-12 09:58:48,647 [FATAL] Updater:308 - Updater called before beeing initialized
2023-06-12 09:58:48,815 [ERROR] Updater:1120 - MainUpdater not yet initialized. External WinMGr cannot be set.
2023-06-12 09:58:48,836 [INFO] Updater:1056 - Updater Version found : 6.8.0
2023-06-12 09:58:48,891 [INFO] ApplicationProperties:184 - Using Application install path: C:\ST\STM32CubeIDE_1.12.0\STM32CubeIDE\plugins\com.st.stm32cube.common.mx_6.8.0.202302231600
2023-06-12 09:58:49,404 [INFO] MainUpdater:2854 - connection check result : 10
2023-06-12 09:58:49,404 [INFO] MainUpdater:3548 - Updater definition file requires update
2023-06-12 09:58:49,407 [INFO] MainUpdater:283 - Updater Check For Update Now.
2023-06-12 09:58:49,408 [INFO] MicroXplorer:498 - Change Database Version : DB.6.0.80
2023-06-12 09:58:49,453 [INFO] ServerAccessManage:473 - Download File updaters.zip
2023-06-12 09:58:49,621 [INFO] FileExtend:240 - Unzip File : updaters.zip
2023-06-12 09:58:49,621 [INFO] FileExtend:255 - Standard Zip Deflate
2023-06-12 09:58:50,094 [WARN] MainUpdater:1187 - Updater busy. Cannot search thirdparties
2023-06-12 09:58:50,095 [INFO] ThirdPartyUpdaterWithRetryManager:96 - Updater plugin is busy. [1/15]
2023-06-12 09:58:51,189 [INFO] ServerAccessManage:473 - Download File PacksControlFlags.xml
2023-06-12 09:58:51,455 [INFO] ServerAccessManage:473 - Download File cubemx.pidx
2023-06-12 09:58:51,907 [INFO] LoadServerUpdatesThread:373 - End of LoadServerUpdate Thread
2023-06-12 09:58:52,292 [INFO] CheckServerUpdateThread:120 - End of CheckServer Thread
2023-06-12 09:58:52,485 [INFO] MainUpdater:2854 - connection check result : 10
2023-06-12 09:58:52,541 [INFO] MainUpdater:2854 - connection check result : 10
2023-06-12 09:58:53,012 [INFO] MicroXplorer:468 - Change Database Path : 
2023-06-12 09:58:53,013 [INFO] MicroXplorer:498 - Change Database Version : DB.6.0.80
2023-06-12 09:58:53,013 [WARN] ThirdParty:871 - waiting for thirdparty lock release [close project]
2023-06-12 09:58:53,761 [WARN] PackLoader:240 - Cannot read IP mode file for STMicroelectronics.X-CUBE-GNSS1.6.0.0
2023-06-12 09:58:53,913 [WARN] PackLoader:240 - Cannot read IP mode file for STMicroelectronics.X-CUBE-AZRTOS-F4.1.1.0
2023-06-12 09:58:53,978 [WARN] PackLoader:240 - Cannot read IP mode file for STMicroelectronics.X-CUBE-SMBUS.2.1.0
2023-06-12 09:58:54,297 [WARN] PackLoader:240 - Cannot read IP mode file for STMicroelectronics.X-CUBE-MEMS1.9.2.0
2023-06-12 09:58:55,571 [WARN] PackLoader:240 - Cannot read IP mode file for STMicroelectronics.X-CUBE-AZRTOS-F7.1.1.0
2023-06-12 09:58:55,848 [WARN] PackLoader:240 - Cannot read IP mode file for STMicroelectronics.X-CUBE-MEMS1.9.6.0
2023-06-12 09:58:56,231 [WARN] PackLoader:240 - Cannot read IP mode file for STMicroelectronics.X-CUBE-AI.7.1.0
2023-06-12 09:58:56,271 [WARN] PackLoader:240 - Cannot read IP mode file for STMicroelectronics.X-CUBE-TOUCHGFX.4.19.1
2023-06-12 09:58:56,305 [ERROR] RealEvaluatedCondition:428 - Found unsupported composite condition: CLASS='Data Exchange' GROUP='STM32_MetaDataManager'
2023-06-12 09:58:56,305 [ERROR] RealEvaluatedCondition:428 - Found unsupported composite condition: GROUP='STM32_MetaDataManager' CLASS='Data Exchange'
2023-06-12 09:58:56,308 [WARN] PackLoader:240 - Cannot read IP mode file for STMicroelectronics.FP-SNS-MOTENV1.4.3.0
2023-06-12 09:58:56,334 [WARN] PackLoader:240 - Cannot read IP mode file for STMicroelectronics.FP-SNS-FLIGHT1.5.0.0
2023-06-12 09:58:56,359 [ERROR] RealEvaluatedCondition:428 - Found unsupported composite condition: GROUP='STM32_MetaDataManager' CLASS='Data Exchange'
2023-06-12 09:58:56,359 [ERROR] RealEvaluatedCondition:428 - Found unsupported composite condition: CLASS='Data Exchange' GROUP='STM32_MetaDataManager'
2023-06-12 09:58:56,361 [WARN] PackLoader:240 - Cannot read IP mode file for STMicroelectronics.FP-SNS-MOTENV1.4.3.1
2023-06-12 09:58:56,413 [WARN] PackLoader:240 - Cannot read IP mode file for STMicroelectronics.FP-SNS-FLIGHT1.5.0.1
2023-06-12 09:58:56,446 [WARN] PackLoader:240 - Cannot read IP mode file for STMicroelectronics.X-CUBE-BLE1.6.2.3
2023-06-12 09:58:56,469 [WARN] PackLoader:240 - Cannot read IP mode file for STMicroelectronics.X-CUBE-BLE1.6.2.4
2023-06-12 09:58:56,512 [WARN] PackLoader:240 - Cannot read IP mode file for STMicroelectronics.X-CUBE-BLEMGR.2.0.0
2023-06-12 09:58:56,589 [WARN] PackLoader:240 - Cannot read IP mode file for STMicroelectronics.X-CUBE-NFC4.2.0.4
2023-06-12 09:58:56,695 [WARN] PackLoader:240 - Cannot read IP mode file for STMicroelectronics.X-CUBE-BLE2.3.2.2
2023-06-12 09:58:56,798 [WARN] ConditionMgr:438 - getConditionDescription Invalid condition id : UX DEVICE CLASS RTOS Condition cause : null
2023-06-12 09:58:56,799 [WARN] ConditionMgr:438 - getConditionDescription Invalid condition id : UX DEVICE CLASS RTOS Condition cause : null
2023-06-12 09:58:56,809 [WARN] PackLoader:240 - Cannot read IP mode file for STMicroelectronics.X-CUBE-AZRTOS-H7.3.1.0
2023-06-12 09:58:56,812 [WARN] ConditionMgr:1039 - genDependencies : Invalid condition id : UX DEVICE CLASS RTOS Condition cause : null
2023-06-12 09:58:56,813 [WARN] ConditionMgr:1039 - genDependencies : Invalid condition id : UX DEVICE CLASS RTOS Condition cause : null
2023-06-12 09:58:56,814 [WARN] ConditionMgr:1039 - genDependencies : Invalid condition id : UX DEVICE CLASS RTOS Condition cause : null
2023-06-12 09:58:56,815 [WARN] ConditionMgr:1039 - genDependencies : Invalid condition id : UX DEVICE CLASS RTOS Condition cause : null
2023-06-12 09:58:56,815 [WARN] ConditionMgr:1039 - genDependencies : Invalid condition id : UX DEVICE CLASS RTOS Condition cause : null
2023-06-12 09:58:57,129 [WARN] PackLoader:240 - Cannot read IP mode file for STMicroelectronics.X-CUBE-SFXS2LP1.3.1.0
2023-06-12 09:58:57,206 [WARN] PackLoader:240 - Cannot read IP mode file for STMicroelectronics.X-CUBE-DISPLAY.3.0.0
2023-06-12 09:58:57,516 [WARN] PackLoader:240 - Cannot read IP mode file for STMicroelectronics.X-CUBE-AZRTOS-F4.1.0.0
2023-06-12 09:58:57,599 [WARN] PackLoader:240 - Cannot read IP mode file for wolfSSL.I-CUBE-wolfSSL.5.5.4
2023-06-12 09:58:57,669 [WARN] PackLoader:240 - Cannot read IP mode file for STMicroelectronics.X-CUBE-NFC7.1.0.0
2023-06-12 09:58:57,720 [WARN] PackLoader:240 - Cannot read IP mode file for STMicroelectronics.X-CUBE-EEPRMA1.4.1.0
2023-06-12 09:58:57,816 [INFO] LogOutputStream:77 - [STDOUT_REDIRECT] 1 : Invalid condition id : UX_CORESTACK_Condition cause : null
2023-06-12 09:58:57,817 [INFO] LogOutputStream:77 - [STDOUT_REDIRECT] 1 : Invalid condition id : UX_CORESTACK_Condition cause : null
2023-06-12 09:58:57,819 [INFO] LogOutputStream:77 - [STDOUT_REDIRECT] 1 : Invalid condition id : UX_CORESTACK_Condition cause : null
2023-06-12 09:58:57,824 [INFO] LogOutputStream:77 - [STDOUT_REDIRECT] 1 : Invalid condition id : UX_CORESTACK_Condition cause : null
2023-06-12 09:58:57,832 [INFO] LogOutputStream:77 - [STDOUT_REDIRECT] 1 : Invalid condition id : UX_CORESTACK_Condition cause : null
2023-06-12 09:58:57,850 [WARN] PackLoader:240 - Cannot read IP mode file for STMicroelectronics.X-CUBE-AZRTOS-WL.2.0.0
2023-06-12 09:58:58,096 [WARN] PackLoader:240 - Cannot read IP mode file for STMicroelectronics.X-CUBE-AZRTOS-G0.1.0.0
2023-06-12 09:58:58,328 [WARN] ConditionMgr:438 - getConditionDescription Invalid condition id : LAN8742 Phy interface Condition cause : null
2023-06-12 09:58:58,330 [WARN] PackLoader:240 - Cannot read IP mode file for STMicroelectronics.X-CUBE-AZRTOS-L4.2.0.0
2023-06-12 09:58:58,332 [WARN] ConditionMgr:1039 - genDependencies : Invalid condition id : LAN8742 Phy interface Condition cause : null
2023-06-12 09:58:58,333 [WARN] ConditionMgr:1039 - genDependencies : Invalid condition id : LAN8742 Phy interface Condition cause : null
2023-06-12 09:58:58,334 [WARN] ConditionMgr:1039 - genDependencies : Invalid condition id : LAN8742 Phy interface Condition cause : null
2023-06-12 09:58:58,495 [WARN] PackLoader:240 - Cannot read IP mode file for WES.I-CUBE-Cesium.1.3.0
2023-06-12 09:58:58,540 [WARN] PackLoader:240 - Cannot read IP mode file for STMicroelectronics.X-CUBE-SFXS2LP1.4.0.0
2023-06-12 09:58:58,564 [WARN] PackLoader:240 - Cannot read IP mode file for STMicroelectronics.X-CUBE-BLE2.3.3.0
2023-06-12 09:58:58,597 [WARN] PackLoader:240 - Cannot read IP mode file for STMicroelectronics.X-CUBE-DISPLAY.2.2.0
2023-06-12 09:58:58,697 [WARN] PackLoader:240 - Cannot read IP mode file for STMicroelectronics.X-CUBE-TOF1.3.2.0
2023-06-12 09:58:58,820 [WARN] PackLoader:240 - Cannot read IP mode file for STMicroelectronics.X-CUBE-AZRTOS-H7.3.0.0
2023-06-12 09:58:58,851 [WARN] PackLoader:240 - Cannot read IP mode file for STMicroelectronics.X-CUBE-ISPU.1.1.0
2023-06-12 09:58:58,879 [WARN] PackLoader:240 - Cannot read IP mode file for RoweBots.I-CUBE-UNISONRTOS.5.5.0-4
2023-06-12 09:58:58,941 [WARN] PackLoader:240 - Cannot read IP mode file for STMicroelectronics.X-CUBE-AZRTOS-H7.2.1.0
2023-06-12 09:58:58,966 [WARN] PackLoader:240 - Cannot read IP mode file for STMicroelectronics.X-CUBE-AI.8.0.0
2023-06-12 09:58:58,992 [WARN] PackLoader:240 - Cannot read IP mode file for STMicroelectronics.X-CUBE-FREERTOS.1.0.0
2023-06-12 09:58:59,013 [WARN] PackLoader:240 - Cannot read IP mode file for STMicroelectronics.X-CUBE-FREERTOS.1.0.1
2023-06-12 09:58:59,034 [WARN] PackLoader:240 - Cannot read IP mode file for STMicroelectronics.X-CUBE-TOUCHGFX.4.21.1
2023-06-12 09:58:59,057 [WARN] PackLoader:240 - Cannot read IP mode file for STMicroelectronics.X-CUBE-TOUCHGFX.4.21.3
2023-06-12 09:58:59,078 [WARN] PackLoader:240 - Cannot read IP mode file for STMicroelectronics.X-CUBE-TOUCHGFX.4.21.4
2023-06-12 09:58:59,124 [WARN] PackLoader:240 - Cannot read IP mode file for STMicroelectronics.X-CUBE-ALGOBUILD.1.3.0
2023-06-12 09:58:59,190 [WARN] PackLoader:240 - Cannot read IP mode file for STMicroelectronics.X-CUBE-AZRTOS-L5.1.1.0
2023-06-12 09:58:59,247 [WARN] PackLoader:240 - Cannot read IP mode file for STMicroelectronics.X-CUBE-AZRTOS-G0.1.1.0
2023-06-12 09:58:59,270 [WARN] PackLoader:240 - Cannot read IP mode file for STMicroelectronics.X-CUBE-AI.8.0.1
2023-06-12 09:58:59,306 [WARN] PackLoader:240 - Cannot read IP mode file for STMicroelectronics.X-CUBE-SUBG2.5.0.0
2023-06-12 09:58:59,366 [WARN] PackLoader:240 - Cannot read IP mode file for STMicroelectronics.X-CUBE-NFC4.3.0.0
2023-06-12 09:58:59,516 [WARN] PackLoader:240 - Cannot read IP mode file for SEGGER.I-CUBE-embOS.1.2.0
2023-06-12 09:58:59,664 [WARN] PackLoader:240 - Cannot read IP mode file for STMicroelectronics.X-CUBE-AZRTOS-G4.2.0.0
2023-06-12 09:58:59,702 [WARN] PackLoader:240 - Cannot read IP mode file for STMicroelectronics.X-CUBE-TOF1.3.3.0
2023-06-12 09:58:59,755 [WARN] PackLoader:240 - Cannot read IP mode file for STMicroelectronics.FP-ATR-ASTRA1.1.1.1
2023-06-12 09:58:59,798 [WARN] PackLoader:240 - Cannot read IP mode file for STMicroelectronics.X-CUBE-AZRTOS-G4.1.0.0
2023-06-12 09:58:59,830 [WARN] PackLoader:240 - Cannot read IP mode file for STMicroelectronics.FP-ATR-SIGFOX1.3.2.0
2023-06-12 09:58:59,898 [WARN] PackLoader:240 - Cannot read IP mode file for STMicroelectronics.X-CUBE-AZRTOS-L4.1.0.0
2023-06-12 09:58:59,929 [WARN] PackLoader:240 - Cannot read IP mode file for emotas.I-CUBE-CANOPEN.1.1.2
2023-06-12 09:58:59,999 [WARN] PackLoader:240 - Cannot read IP mode file for STMicroelectronics.X-CUBE-AZRTOS-F7.1.0.0
2023-06-12 09:59:00,273 [WARN] PackLoader:240 - Cannot read IP mode file for STMicroelectronics.X-CUBE-AZRTOS-WL.1.0.0
2023-06-12 09:59:00,598 [WARN] PackLoader:240 - Cannot read IP mode file for portGmbH.I-Cube-SoM-uGOAL.1.1.0
2023-06-12 09:59:00,675 [WARN] PackLoader:240 - Cannot read IP mode file for STMicroelectronics.X-CUBE-ALS.1.0.1
2023-06-12 09:59:00,942 [WARN] PackLoader:240 - Cannot read IP mode file for STMicroelectronics.X-CUBE-MEMS1.9.5.0
2023-06-12 09:59:01,473 [WARN] PackLoader:240 - Cannot read IP mode file for STMicroelectronics.X-CUBE-AZRTOS-WB.1.1.0
2023-06-12 09:59:01,582 [WARN] PackLoader:240 - Cannot read IP mode file for SEGGER.I-CUBE-embOS.1.3.1
2023-06-12 09:59:01,663 [WARN] PackLoader:240 - Cannot read IP mode file for STMicroelectronics.X-CUBE-AZRTOS-L5.1.0.0
2023-06-12 09:59:01,685 [WARN] PackLoader:240 - Cannot read IP mode file for STMicroelectronics.X-CUBE-EEPRMA1.3.1.1
2023-06-12 09:59:01,709 [WARN] PackLoader:240 - Cannot read IP mode file for STMicroelectronics.X-CUBE-GNSS1.5.2.0
2023-06-12 09:59:01,727 [WARN] PackLoader:240 - Cannot read IP mode file for STMicroelectronics.FP-ATR-ASTRA1.2.0.0
2023-06-12 09:59:01,754 [WARN] PackLoader:240 - Cannot read IP mode file for STMicroelectronics.X-CUBE-TOF1.3.0.0
2023-06-12 09:59:01,756 [INFO] ThirdParty:978 - Integrity check success = true
2023-06-12 09:59:01,756 [INFO] IntegrityCheckThread:100 - exiting critical section [integrity check]
2023-06-12 09:59:01,756 [INFO] IntegrityCheckThread:103 - End integrity checks thread
2023-06-12 09:59:01,757 [INFO] ThirdParty:873 - entering critical section [close project]
2023-06-12 09:59:01,759 [INFO] ThirdParty:883 - exiting critical section [close project]
2023-06-12 09:59:01,764 [INFO] PinOutPanel:1499 - setPackage(No Configuration,No Configuration)
2023-06-12 09:59:01,772 [INFO] UtilMem:75 - Begin LoadConfig() Used Memory: 541905288 Bytes (677380096)
2023-06-12 09:59:01,775 [INFO] MicroXplorer:468 - Change Database Path : 
2023-06-12 09:59:01,775 [INFO] MicroXplorer:498 - Change Database Version : DB.6.0.80
2023-06-12 09:59:01,775 [INFO] OpenFileManager:308 - Change cursor
2023-06-12 09:59:01,845 [INFO] Mcu:1937 - Initializing MCU STM32L051K(6-8)Tx STM32L051K8Tx STM32L051K8T6
2023-06-12 09:59:03,767 [INFO] Context:659 - Trying to add GPIOservice into a context  which must be forbidden
2023-06-12 09:59:05,234 [INFO] RtosManager:555 - Registered RTOS mode: class=CMSIS, group=RTOS, mode=CMSIS_V1, owner=FREERTOS
2023-06-12 09:59:05,235 [INFO] RtosManager:555 - Registered RTOS mode: class=CMSIS, group=RTOS2, mode=CMSIS_V2, owner=FREERTOS
2023-06-12 09:59:05,235 [INFO] RtosManager:555 - Registered RTOS mode: class=RTOS, group=Core, mode=CMSIS_V1, owner=FREERTOS
2023-06-12 09:59:05,235 [INFO] RtosManager:555 - Registered RTOS mode: class=RTOS, group=Core, mode=CMSIS_V2, owner=FREERTOS
2023-06-12 09:59:05,236 [WARN] ModelIntegratedComponent:184 - Missing modes for component STMicroelectronics:FreeRTOS:0.0.1:STMicroelectronics:RTOS:FreeRTOS:Core:::10.2.0:
2023-06-12 09:59:05,283 [WARN] ModelIntegratedComponent:63 - No mode defined for component null
2023-06-12 09:59:05,283 [WARN] ModelIntegratedComponent:63 - No mode defined for component null
2023-06-12 09:59:05,285 [WARN] ModelIntegratedComponent:63 - No mode defined for component null
2023-06-12 09:59:05,285 [WARN] ModelIntegratedComponent:63 - No mode defined for component null
2023-06-12 09:59:05,285 [WARN] ModelIntegratedComponent:63 - No mode defined for component null
2023-06-12 09:59:05,286 [WARN] ModelIntegratedComponent:63 - No mode defined for component null
2023-06-12 09:59:05,286 [WARN] ModelIntegratedComponent:63 - No mode defined for component null
2023-06-12 09:59:05,286 [WARN] ModelIntegratedComponent:63 - No mode defined for component null
2023-06-12 09:59:05,286 [WARN] ModelIntegratedComponent:63 - No mode defined for component null
2023-06-12 09:59:05,286 [WARN] ModelIntegratedComponent:63 - No mode defined for component null
2023-06-12 09:59:05,286 [WARN] ModelIntegratedComponent:63 - No mode defined for component null
2023-06-12 09:59:05,286 [WARN] ModelIntegratedComponent:63 - No mode defined for component null
2023-06-12 09:59:05,286 [WARN] ModelIntegratedComponent:63 - No mode defined for component null
2023-06-12 09:59:05,287 [WARN] ModelIntegratedComponent:63 - No mode defined for component null
2023-06-12 09:59:05,287 [WARN] ModelIntegratedComponent:63 - No mode defined for component null
2023-06-12 09:59:05,287 [WARN] ModelIntegratedComponent:63 - No mode defined for component null
2023-06-12 09:59:05,287 [WARN] ModelIntegratedComponent:63 - No mode defined for component null
2023-06-12 09:59:05,287 [WARN] ModelIntegratedComponent:63 - No mode defined for component null
2023-06-12 09:59:05,288 [WARN] ModelIntegratedComponent:63 - No mode defined for component null
2023-06-12 09:59:05,288 [WARN] ModelIntegratedComponent:63 - No mode defined for component null
2023-06-12 09:59:05,288 [WARN] ModelIntegratedComponent:63 - No mode defined for component null
2023-06-12 09:59:05,288 [WARN] ModelIntegratedComponent:63 - No mode defined for component null
2023-06-12 09:59:05,289 [WARN] ModelIntegratedComponent:63 - No mode defined for component null
2023-06-12 09:59:05,289 [WARN] ModelIntegratedComponent:63 - No mode defined for component null
2023-06-12 09:59:05,289 [WARN] ModelIntegratedComponent:63 - No mode defined for component null
2023-06-12 09:59:05,289 [WARN] ModelIntegratedComponent:63 - No mode defined for component null
2023-06-12 09:59:05,289 [WARN] ModelIntegratedComponent:63 - No mode defined for component null
2023-06-12 09:59:05,289 [WARN] ModelIntegratedComponent:63 - No mode defined for component null
2023-06-12 09:59:05,289 [WARN] ModelIntegratedComponent:63 - No mode defined for component null
2023-06-12 09:59:05,291 [WARN] ModelIntegratedComponent:63 - No mode defined for component null
2023-06-12 09:59:05,291 [WARN] ModelIntegratedComponent:63 - No mode defined for component null
2023-06-12 09:59:05,291 [WARN] ModelIntegratedComponent:63 - No mode defined for component null
2023-06-12 09:59:05,291 [WARN] ModelIntegratedComponent:63 - No mode defined for component null
2023-06-12 09:59:05,582 [INFO] ThirdPartyModel:298 - Start build external matchings
2023-06-12 09:59:07,590 [INFO] ThirdPartyModel:316 - End build external matchings
2023-06-12 09:59:07,689 [INFO] ImportTextPane:194 - (OptionalMessage_ERROR) IP (DMA) : Parameter (Instance) has Id (ADC) currently not set
2023-06-12 09:59:07,689 [INFO] ImportTextPane:194 - (OptionalMessage_ERROR) IP (DMA) : Parameter (Request) has Id (ADC) currently not set
2023-06-12 09:59:07,689 [INFO] ImportTextPane:194 - (OptionalMessage_ERROR) IP (DMA) : Parameter (Direction) has Id (ADC) currently not set
2023-06-12 09:59:07,690 [INFO] ImportTextPane:194 - (OptionalMessage_ERROR) IP (DMA) : Parameter (PeriphInc) has Id (ADC) currently not set
2023-06-12 09:59:07,690 [INFO] ImportTextPane:194 - (OptionalMessage_ERROR) IP (DMA) : Parameter (MemInc) has Id (ADC) currently not set
2023-06-12 09:59:07,690 [INFO] ImportTextPane:194 - (OptionalMessage_ERROR) IP (DMA) : Parameter (PeriphDataAlignment) has Id (ADC) currently not set
2023-06-12 09:59:07,690 [INFO] ImportTextPane:194 - (OptionalMessage_ERROR) IP (DMA) : Parameter (MemDataAlignment) has Id (ADC) currently not set
2023-06-12 09:59:07,691 [INFO] ImportTextPane:194 - (OptionalMessage_ERROR) IP (DMA) : Parameter (Mode) has Id (ADC) currently not set
2023-06-12 09:59:07,691 [INFO] ImportTextPane:194 - (OptionalMessage_ERROR) IP (DMA) : Parameter (Priority) has Id (ADC) currently not set
2023-06-12 09:59:08,077 [INFO] UtilMem:75 - End LoadConfig() Used Memory: 474494696 Bytes (677380096)
2023-06-12 09:59:08,350 [INFO] ApiDb:581 - Connected to CubeFinder SQLite database (C:\Users\jasie\.stmcufinder\plugins\mcufinder\mcu\cube-finder-db.db)
2023-06-12 09:59:08,510 [INFO] ApiDb:668 - CubeFinder database Data Model version=2.1
2023-06-12 09:59:08,511 [INFO] ApiDb:669 - CubeFinder database Configuration version=3.0.35
2023-06-12 09:59:08,512 [INFO] ApiDb:670 - CubeFinder database generation date=2023-05-12 (1683877179)
2023-06-12 09:59:08,512 [INFO] ApiDb:671 - CubeFinder database FW Pack versions=[FP-ATR-ASTRA1_V2.0.0, FP-SNS-FLIGHT1_V5.0.0, FP-SNS-MOTENV1_V4.3.0, STM32Cube_FW_C0_V1.0.1, STM32Cube_FW_F0_V1.11.4, STM32Cube_FW_F3_V1.11.4, STM32Cube_FW_F4_V1.27.1, STM32Cube_FW_F7_V1.17.0, STM32Cube_FW_G0_V1.6.1, STM32Cube_FW_G4_V1.5.1, STM32Cube_FW_H5_V0.5.1, STM32Cube_FW_H5_V1.0.0, STM32Cube_FW_H7_V1.11.0, STM32Cube_FW_L0_V1.12.2, STM32Cube_FW_L5_V1.5.0, STM32Cube_FW_U5_V1.2.0, STM32Cube_FW_WBA_V1.0.0, STM32Cube_FW_WBA_V1.0.0RC1, STM32Cube_FW_WBA_V1.0.0RC3, STM32Cube_FW_WB_V1.15.0RC1, STM32Cube_FW_WB_V1.16.0, STM32Cube_FW_WB_V1.16.0RC2, STM32Cube_FW_WL_V1.3.0, X-CUBE-ALGOBUILD_V1.3.0, X-CUBE-ALS_V1.0.1, X-CUBE-AZRTOS-F4_V1.1.0, X-CUBE-AZRTOS-F7_V1.1.0, X-CUBE-AZRTOS-G0_V1.1.0, X-CUBE-AZRTOS-G4_V2.0.0, X-CUBE-AZRTOS-H7_V3.1.0, X-CUBE-AZRTOS-L4_V1.0.0, X-CUBE-AZRTOS-L5_V1.1.0, X-CUBE-AZRTOS-WB_V1.1.0, X-CUBE-AZRTOS-WL_V1.0.0, X-CUBE-BLE1_V6.2.4, X-CUBE-BLE2_V3.3.0, X-CUBE-BLEMGR_V2.0.0, X-CUBE-EEPRMA1_V4.1.0, X-CUBE-FREERTOS_V1.0.1, X-CUBE-GNSS1_V6.0.0, X-CUBE-MEMS1_V9.1.0, X-CUBE-MEMS1_V9.4.0, X-CUBE-MEMS1_V9.6.0, X-CUBE-NFC4_V3.0.0, X-CUBE-NFC7_V1.0.0, X-CUBE-SFXS2LP1_V4.0.0, X-CUBE-SUBG2_V5.0.0]
2023-06-12 09:59:13,848 [INFO] ApiDb:240 - Found 297 in-development CPN: [B-G473E-ZEST1S, B-WB1M-WPAN1, B-WL5M-SUBG1, NUCLEO-C031C6, NUCLEO-H503RB, NUCLEO-H563ZI, NUCLEO-U545RE-Q, NUCLEO-U5A5ZJ-Q, NUCLEO-WBA52CG, STEVAL-PROTEUS1, STEVAL-STWINBX1, STM320518-EVAL, STM32C0116-DK, STM32C011D6Y3TR, STM32C011D6Y6TR, STM32C011F4P3, STM32C011F4P6, STM32C011F4U3, STM32C011F4U6TR, STM32C011F6P3, STM32C011F6P6, STM32C011F6U3, STM32C011F6U6TR, STM32C011J4M3, STM32C011J4M6, STM32C011J6M3, STM32C011J6M6, STM32C0316-DK, STM32C031C4T3, STM32C031C4T6, STM32C031C4U3, STM32C031C4U6, STM32C031C6T3, STM32C031C6T6, STM32C031C6U3, STM32C031C6U6, STM32C031F4P3, STM32C031F4P6, STM32C031F6P3, STM32C031F6P6, STM32C031G4U3, STM32C031G4U6, STM32C031G6U3, STM32C031G6U6, STM32C031K4T3, STM32C031K4T6, STM32C031K4U3, STM32C031K4U6, STM32C031K6T3, STM32C031K6T6, STM32C031K6U3, STM32C031K6U6, STM32G071K8TXN, STM32G071K8UXN, STM32G081GBU6N, STM32G081KBT6N, STM32G081KBUXN, STM32G0B1CCT6N, STM32G0B1KCT6, STM32G0B1NEY6TR, STM32G0B1RCT6N, STM32G0C1CCT6, STM32G0C1CCT6N, STM32G0C1CCU6N, STM32G0C1CET6N, STM32G0C1CEU6N, STM32G0C1KCT6, STM32G0C1NEY6TR, STM32G0C1RCI6N, STM32G0C1RCT6N, STM32G0C1REI6N, STM32G0C1RET6N, STM32G0C1VCI6, STM32G0C1VEI6, STM32G471CCT6, STM32G471CCU6, STM32G471CET3, STM32G471CET6, STM32G471CEU3, STM32G471CEU6, STM32G471MCT6, STM32G471MET3, STM32G471MET6, STM32G471MEY6TR, STM32G471QCT6, STM32G471QET3, STM32G471RCT6, STM32G471RET3, STM32G471RET6, STM32G471VCH6, STM32G471VCI6, STM32G471VCT6, STM32G471VEH3, STM32G471VEH6, STM32G471VEI3, STM32G471VEI6, STM32G471VET3, STM32G471VET6, STM32G474CCT6, STM32H503CBT6, STM32H503CBU6, STM32H503EBY6TR, STM32H503KBU6, STM32H503RBT6, STM32H562AGI6, STM32H562AII6, STM32H562IGK6, STM32H562IGT6, STM32H562IIK6, STM32H562IIT6, STM32H562RGT6, STM32H562RGV6, STM32H562RIT6, STM32H562RIV6, STM32H562VGT6, STM32H562VIT6, STM32H562ZGT6, STM32H562ZIT6, STM32H563AGI6, STM32H563AII3Q, STM32H563AII6, STM32H563IGK6, STM32H563IGT6, STM32H563IIK3Q, STM32H563IIK6, STM32H563IIT3Q, STM32H563IIT6, STM32H563MIY3QTR, STM32H563RGT6, STM32H563RGV6, STM32H563RIT6, STM32H563RIV6, STM32H563VGT6, STM32H563VIT3Q, STM32H563VIT6, STM32H563ZGT6, STM32H563ZIT3Q, STM32H563ZIT6, STM32H573AII3Q, STM32H573AII6, STM32H573I-DK, STM32H573IIK3Q, STM32H573IIK6, STM32H573IIT3Q, STM32H573IIT6, STM32H573MIY3QTR, STM32H573RIT6, STM32H573RIV6, STM32H573VIT3Q, STM32H573VIT6, STM32H573ZIT3Q, STM32H573ZIT6, STM32L4R5QGI6STR, STM32MP131AAE3, STM32MP131AAF3, STM32MP131AAG3, STM32MP131CAE3, STM32MP131CAF3, STM32MP131CAG3, STM32MP131DAE7, STM32MP131DAF7, STM32MP131DAG7, STM32MP131FAE7, STM32MP131FAF7, STM32MP131FAG7, STM32MP133AAE3, STM32MP133AAF3, STM32MP133AAG3, STM32MP133CAE3, STM32MP133CAF3, STM32MP133CAG3, STM32MP133DAE7, STM32MP133DAF7, STM32MP133DAG7, STM32MP133FAE7, STM32MP133FAF7, STM32MP133FAG7, STM32MP135AAE3, STM32MP135AAF3, STM32MP135AAG3, STM32MP135CAE3, STM32MP135CAF3, STM32MP135CAG3, STM32MP135DAE7, STM32MP135DAF7, STM32MP135DAG7, STM32MP135F-DK, STM32MP135FAE7, STM32MP135FAF7, STM32MP135FAF7T, STM32MP135FAF7U, STM32MP135FAG7, STM32U535CBT6, STM32U535CBT6Q, STM32U535CBU6, STM32U535CBU6Q, STM32U535CCT6, STM32U535CCT6Q, STM32U535CCU6, STM32U535CCU6Q, STM32U535CET6, STM32U535CET6Q, STM32U535CEU6, STM32U535CEU6Q, STM32U535JEY6QTR, STM32U535NCY6QTR, STM32U535NEY6QTR, STM32U535RBI6, STM32U535RBI6Q, STM32U535RBT6, STM32U535RBT6Q, STM32U535RCI6, STM32U535RCI6Q, STM32U535RCT6, STM32U535RCT6Q, STM32U535REI6, STM32U535REI6Q, STM32U535RET6, STM32U535RET6Q, STM32U535VCI6, STM32U535VCI6Q, STM32U535VCT6, STM32U535VCT6Q, STM32U535VEI6, STM32U535VEI6Q, STM32U535VET6, STM32U535VET6Q, STM32U545CET6, STM32U545CET6Q, STM32U545CEU6, STM32U545CEU6Q, STM32U545JEY6QTR, STM32U545NEY6QTR, STM32U545REI6, STM32U545REI6Q, STM32U545RET6, STM32U545RET6Q, STM32U545VEI6, STM32U545VEI6Q, STM32U545VET6, STM32U545VET6Q, STM32U595AIH6, STM32U595AIH6Q, STM32U595AJH6, STM32U595AJH6Q, STM32U595QII6, STM32U595QII6Q, STM32U595QJI6, STM32U595QJI6Q, STM32U595RIT6, STM32U595RIT6Q, STM32U595RJT6, STM32U595RJT6Q, STM32U595VIT6, STM32U595VIT6Q, STM32U595VJT6, STM32U595VJT6Q, STM32U595ZIT6, STM32U595ZIT6Q, STM32U595ZIY6QTR, STM32U595ZJT6, STM32U595ZJT6Q, STM32U595ZJY6QTR, STM32U599BJY6QTR, STM32U599NIH6Q, STM32U599NJH6Q, STM32U599VIT6Q, STM32U599VJT6, STM32U599VJT6Q, STM32U599ZIT6Q, STM32U599ZIY6QTR, STM32U599ZJT6Q, STM32U599ZJY6QTR, STM32U5A5AJH6, STM32U5A5AJH6Q, STM32U5A5QJI6, STM32U5A5QJI6Q, STM32U5A5RJT6, STM32U5A5RJT6Q, STM32U5A5VJT6, STM32U5A5VJT6Q, STM32U5A5ZJT6, STM32U5A5ZJT6Q, STM32U5A5ZJY6QTR, STM32U5A9BJY6QTR, STM32U5A9J-DK, STM32U5A9NJH6Q, STM32U5A9VJT6Q, STM32U5A9ZJT6Q, STM32U5A9ZJY6QTR, STM32WB1MMCH6, STM32WBA52CEU6, STM32WBA52CEU6T, STM32WBA52CGU6, STM32WBA52CGU6T, STM32WL5MOCH6, STM32WL5MOCH6TR]
2023-06-12 09:59:13,860 [INFO] DbMcus:216 - Found 3775 MCUs, 3775 are supported
2023-06-12 09:59:13,867 [INFO] ApiDb:423 - Load user favorites file C:\Users\jasie/.stm32cubeide/favorites.mcus.txt: 0 item(s)
2023-06-12 09:59:13,867 [INFO] ApiDb:427 - User favorites MCUs=[]
2023-06-12 09:59:13,868 [INFO] DbMcus:222 - Set 0 / 0 favorites MCUs
2023-06-12 09:59:14,834 [WARN] ThirdParty:833 - waiting for thirdparty lock release [change project]
2023-06-12 09:59:14,835 [INFO] ThirdParty:835 - entering critical section [change project]
2023-06-12 09:59:14,836 [INFO] ThirdParty:1030 - CMSIS Pack Vendor :STMicroelectronics X-CUBE-ISPU 1.1.0
2023-06-12 09:59:14,837 [INFO] ThirdParty:1030 - CMSIS Pack Vendor :RoweBots I-CUBE-UNISONRTOS 5.5.0-4
2023-06-12 09:59:14,837 [INFO] ThirdParty:1030 - CMSIS Pack Vendor :STMicroelectronics X-CUBE-GNSS1 6.0.0
2023-06-12 09:59:14,837 [INFO] ThirdParty:1030 - CMSIS Pack Vendor :STMicroelectronics X-CUBE-AZRTOS-H7 2.1.0
2023-06-12 09:59:14,837 [INFO] ThirdParty:1030 - CMSIS Pack Vendor :STMicroelectronics USB_HOST 2.0.0
2023-06-12 09:59:14,838 [INFO] ThirdParty:1030 - CMSIS Pack Vendor :STMicroelectronics X-CUBE-AZRTOS-F4 1.1.0
2023-06-12 09:59:14,839 [INFO] ThirdParty:1030 - CMSIS Pack Vendor :STMicroelectronics LIBJPEG 8.0.0
2023-06-12 09:59:14,839 [INFO] ThirdParty:1030 - CMSIS Pack Vendor :STMicroelectronics X-CUBE-SMBUS 2.1.0
2023-06-12 09:59:14,840 [INFO] ThirdParty:1030 - CMSIS Pack Vendor :STMicroelectronics USB_DEVICE 3.0.0
2023-06-12 09:59:14,840 [INFO] ThirdParty:1030 - CMSIS Pack Vendor :STMicroelectronics X-CUBE-AI 8.0.0
2023-06-12 09:59:14,840 [INFO] ThirdParty:1030 - CMSIS Pack Vendor :STMicroelectronics X-CUBE-FREERTOS 1.0.0
2023-06-12 09:59:14,840 [INFO] ThirdParty:1030 - CMSIS Pack Vendor :STMicroelectronics X-CUBE-FREERTOS 1.0.1
2023-06-12 09:59:14,841 [INFO] ThirdParty:1030 - CMSIS Pack Vendor :STMicroelectronics X-CUBE-TOUCHGFX 4.21.1
2023-06-12 09:59:14,841 [INFO] ThirdParty:1030 - CMSIS Pack Vendor :STMicroelectronics X-CUBE-TOUCHGFX 4.21.3
2023-06-12 09:59:14,842 [INFO] ThirdParty:1030 - CMSIS Pack Vendor :STMicroelectronics X-CUBE-MEMS1 9.2.0
2023-06-12 09:59:14,845 [INFO] ThirdParty:1030 - CMSIS Pack Vendor :STMicroelectronics X-CUBE-AZRTOS-F7 1.1.0
2023-06-12 09:59:14,845 [INFO] ThirdParty:1030 - CMSIS Pack Vendor :STMicroelectronics X-CUBE-TOUCHGFX 4.21.4
2023-06-12 09:59:14,845 [INFO] ThirdParty:1030 - CMSIS Pack Vendor :STMicroelectronics USB_DEVICE 2.0.0
2023-06-12 09:59:14,845 [INFO] ThirdParty:1030 - CMSIS Pack Vendor :STMicroelectronics X-CUBE-MEMS1 9.6.0
2023-06-12 09:59:14,846 [INFO] ThirdParty:1030 - CMSIS Pack Vendor :STMicroelectronics X-CUBE-AI 7.1.0
2023-06-12 09:59:14,846 [INFO] ThirdParty:1030 - CMSIS Pack Vendor :STMicroelectronics X-CUBE-TOUCHGFX 4.19.1
2023-06-12 09:59:14,846 [INFO] ThirdParty:1030 - CMSIS Pack Vendor :STMicroelectronics FP-SNS-MOTENV1 4.3.0
2023-06-12 09:59:14,846 [INFO] ThirdParty:1030 - CMSIS Pack Vendor :STMicroelectronics FP-SNS-FLIGHT1 5.0.0
2023-06-12 09:59:14,846 [INFO] ThirdParty:1030 - CMSIS Pack Vendor :STMicroelectronics FP-SNS-MOTENV1 4.3.1
2023-06-12 09:59:14,846 [INFO] ThirdParty:1030 - CMSIS Pack Vendor :STMicroelectronics FP-SNS-FLIGHT1 5.0.1
2023-06-12 09:59:14,846 [INFO] ThirdParty:1030 - CMSIS Pack Vendor :STMicroelectronics X-CUBE-BLE1 6.2.3
2023-06-12 09:59:14,846 [INFO] ThirdParty:1030 - CMSIS Pack Vendor :STMicroelectronics X-CUBE-ALGOBUILD 1.3.0
2023-06-12 09:59:14,846 [INFO] ThirdParty:1030 - CMSIS Pack Vendor :STMicroelectronics X-CUBE-BLE1 6.2.4
2023-06-12 09:59:14,847 [INFO] ThirdParty:1030 - CMSIS Pack Vendor :STMicroelectronics X-CUBE-AZRTOS-L5 1.1.0
2023-06-12 09:59:14,847 [INFO] ThirdParty:1030 - CMSIS Pack Vendor :STMicroelectronics FreeRTOS 0.0.1
2023-06-12 09:59:14,847 [INFO] ThirdParty:1030 - CMSIS Pack Vendor :STMicroelectronics X-CUBE-AZRTOS-G0 1.1.0
2023-06-12 09:59:14,847 [INFO] ThirdParty:1030 - CMSIS Pack Vendor :STMicroelectronics X-CUBE-BLEMGR 2.0.0
2023-06-12 09:59:14,847 [INFO] ThirdParty:1030 - CMSIS Pack Vendor :STMicroelectronics X-CUBE-AI 8.0.1
2023-06-12 09:59:14,847 [INFO] ThirdParty:1030 - CMSIS Pack Vendor :STMicroelectronics X-CUBE-SUBG2 5.0.0
2023-06-12 09:59:14,847 [INFO] ThirdParty:1030 - CMSIS Pack Vendor :STMicroelectronics X-CUBE-NFC4 3.0.0
2023-06-12 09:59:14,847 [INFO] ThirdParty:1030 - CMSIS Pack Vendor :SEGGER I-CUBE-embOS 1.2.0
2023-06-12 09:59:14,847 [INFO] ThirdParty:1030 - CMSIS Pack Vendor :STMicroelectronics STM32_WPAN 1.0.0
2023-06-12 09:59:14,847 [INFO] ThirdParty:1030 - CMSIS Pack Vendor :STMicroelectronics lwIP 2.0.3
2023-06-12 09:59:14,847 [INFO] ThirdParty:1030 - CMSIS Pack Vendor :STMicroelectronics X-CUBE-NFC4 2.0.4
2023-06-12 09:59:14,848 [INFO] ThirdParty:1030 - CMSIS Pack Vendor :STMicroelectronics X-CUBE-BLE2 3.2.2
2023-06-12 09:59:14,848 [INFO] ThirdParty:1030 - CMSIS Pack Vendor :STMicroelectronics USB_HOST 1.0.0
2023-06-12 09:59:14,848 [INFO] ThirdParty:1030 - CMSIS Pack Vendor :STMicroelectronics X-CUBE-AZRTOS-G4 2.0.0
2023-06-12 09:59:14,848 [INFO] ThirdParty:1030 - CMSIS Pack Vendor :STMicroelectronics PDM2PCM 3.1.0
2023-06-12 09:59:14,848 [INFO] ThirdParty:1030 - CMSIS Pack Vendor :STMicroelectronics X-CUBE-AZRTOS-H7 3.1.0
2023-06-12 09:59:14,848 [INFO] ThirdParty:1030 - CMSIS Pack Vendor :STMicroelectronics X-CUBE-TOF1 3.3.0
2023-06-12 09:59:14,849 [INFO] ThirdParty:1030 - CMSIS Pack Vendor :STMicroelectronics FP-ATR-ASTRA1 1.1.1
2023-06-12 09:59:14,849 [INFO] ThirdParty:1030 - CMSIS Pack Vendor :STMicroelectronics PDM2PCM 3.3.0
2023-06-12 09:59:14,849 [INFO] ThirdParty:1030 - CMSIS Pack Vendor :STMicroelectronics X-CUBE-SFXS2LP1 3.1.0
2023-06-12 09:59:14,849 [INFO] ThirdParty:1030 - CMSIS Pack Vendor :STMicroelectronics X-CUBE-DISPLAY 3.0.0
2023-06-12 09:59:14,849 [INFO] ThirdParty:1030 - CMSIS Pack Vendor :STMicroelectronics X-CUBE-AZRTOS-F4 1.0.0
2023-06-12 09:59:14,849 [INFO] ThirdParty:1030 - CMSIS Pack Vendor :STMicroelectronics X-CUBE-AZRTOS-G4 1.0.0
2023-06-12 09:59:14,849 [INFO] ThirdParty:1030 - CMSIS Pack Vendor :STMicroelectronics FP-ATR-SIGFOX1 3.2.0
2023-06-12 09:59:14,849 [INFO] ThirdParty:1030 - CMSIS Pack Vendor :wolfSSL I-CUBE-wolfSSL 5.5.4
2023-06-12 09:59:14,849 [INFO] ThirdParty:1030 - CMSIS Pack Vendor :STMicroelectronics X-CUBE-AZRTOS-L4 1.0.0
2023-06-12 09:59:14,850 [INFO] ThirdParty:1030 - CMSIS Pack Vendor :STMicroelectronics HAL Drivers 0.0.0
2023-06-12 09:59:14,850 [INFO] ThirdParty:1030 - CMSIS Pack Vendor :STMicroelectronics MBEDTLS 2.16.2
2023-06-12 09:59:14,850 [INFO] ThirdParty:1030 - CMSIS Pack Vendor :emotas I-CUBE-CANOPEN 1.1.2
2023-06-12 09:59:14,850 [INFO] ThirdParty:1030 - CMSIS Pack Vendor :STMicroelectronics MBEDTLS 2.14.1
2023-06-12 09:59:14,850 [INFO] ThirdParty:1030 - CMSIS Pack Vendor :STMicroelectronics X-CUBE-NFC7 1.0.0
2023-06-12 09:59:14,850 [INFO] ThirdParty:1030 - CMSIS Pack Vendor :STMicroelectronics X-CUBE-AZRTOS-F7 1.0.0
2023-06-12 09:59:14,851 [INFO] ThirdParty:1030 - CMSIS Pack Vendor :STMicroelectronics X-CUBE-AZRTOS-WL 1.0.0
2023-06-12 09:59:14,851 [INFO] ThirdParty:1030 - CMSIS Pack Vendor :STMicroelectronics X-CUBE-EEPRMA1 4.1.0
2023-06-12 09:59:14,851 [INFO] ThirdParty:1030 - CMSIS Pack Vendor :portGmbH I-Cube-SoM-uGOAL 1.1.0
2023-06-12 09:59:14,852 [INFO] ThirdParty:1030 - CMSIS Pack Vendor :STMicroelectronics X-CUBE-ALS 1.0.1
2023-06-12 09:59:14,852 [INFO] ThirdParty:1030 - CMSIS Pack Vendor :STMicroelectronics X-CUBE-MEMS1 9.5.0
2023-06-12 09:59:14,852 [INFO] ThirdParty:1030 - CMSIS Pack Vendor :STMicroelectronics ThreadX 1.0.0
2023-06-12 09:59:14,852 [INFO] ThirdParty:1030 - CMSIS Pack Vendor :STMicroelectronics X-CUBE-AZRTOS-WB 1.1.0
2023-06-12 09:59:14,852 [INFO] ThirdParty:1030 - CMSIS Pack Vendor :STMicroelectronics X-CUBE-AZRTOS-WL 2.0.0
2023-06-12 09:59:14,852 [INFO] ThirdParty:1030 - CMSIS Pack Vendor :SEGGER I-CUBE-embOS 1.3.1
2023-06-12 09:59:14,853 [INFO] ThirdParty:1030 - CMSIS Pack Vendor :STMicroelectronics X-CUBE-AZRTOS-L5 1.0.0
2023-06-12 09:59:14,854 [INFO] ThirdParty:1030 - CMSIS Pack Vendor :STMicroelectronics USB_DEVICE 1.0.0
2023-06-12 09:59:14,854 [INFO] ThirdParty:1030 - CMSIS Pack Vendor :STMicroelectronics X-CUBE-AZRTOS-G0 1.0.0
2023-06-12 09:59:14,854 [INFO] ThirdParty:1030 - CMSIS Pack Vendor :STMicroelectronics X-CUBE-EEPRMA1 3.1.1
2023-06-12 09:59:14,854 [INFO] ThirdParty:1030 - CMSIS Pack Vendor :STMicroelectronics X-CUBE-AZRTOS-L4 2.0.0
2023-06-12 09:59:14,855 [INFO] ThirdParty:1030 - CMSIS Pack Vendor :STMicroelectronics X-CUBE-GNSS1 5.2.0
2023-06-12 09:59:14,855 [INFO] ThirdParty:1030 - CMSIS Pack Vendor :STMicroelectronics ThreadX 0.0.2
2023-06-12 09:59:14,855 [INFO] ThirdParty:1030 - CMSIS Pack Vendor :WES I-CUBE-Cesium 1.3.0
2023-06-12 09:59:14,855 [INFO] ThirdParty:1030 - CMSIS Pack Vendor :STMicroelectronics FP-ATR-ASTRA1 2.0.0
2023-06-12 09:59:14,855 [INFO] ThirdParty:1030 - CMSIS Pack Vendor :STMicroelectronics lwIP 2.1.2
2023-06-12 09:59:14,855 [INFO] ThirdParty:1030 - CMSIS Pack Vendor :STMicroelectronics X-CUBE-SFXS2LP1 4.0.0
2023-06-12 09:59:14,855 [INFO] ThirdParty:1030 - CMSIS Pack Vendor :STMicroelectronics X-CUBE-BLE2 3.3.0
2023-06-12 09:59:14,855 [INFO] ThirdParty:1030 - CMSIS Pack Vendor :STMicroelectronics X-CUBE-DISPLAY 2.2.0
2023-06-12 09:59:14,856 [INFO] ThirdParty:1030 - CMSIS Pack Vendor :STMicroelectronics X-CUBE-TOF1 3.2.0
2023-06-12 09:59:14,856 [INFO] ThirdParty:1030 - CMSIS Pack Vendor :STMicroelectronics PDM2PCM 3.2.0
2023-06-12 09:59:14,856 [INFO] ThirdParty:1030 - CMSIS Pack Vendor :STMicroelectronics X-CUBE-AZRTOS-H7 3.0.0
2023-06-12 09:59:14,856 [INFO] ThirdParty:1030 - CMSIS Pack Vendor :STMicroelectronics X-CUBE-TOF1 3.0.0
2023-06-12 09:59:14,857 [INFO] ThirdParty:841 - exiting critical section [change project]
2023-06-12 09:59:16,302 [INFO] PinOutPanel:1499 - setPackage(No Configuration,No Configuration)
2023-06-12 09:59:16,306 [INFO] PinOutPanel:1499 - setPackage(STM32L051K8Tx,LQFP32)
2023-06-12 09:59:20,530 [INFO] UtilMem:75 - Before build in PCC Used Memory: 524970696 Bytes (677380096)
2023-06-12 09:59:24,138 [INFO] UtilMem:75 - After build in PCC Used Memory: 558573136 Bytes (677380096)
2023-06-12 09:59:24,272 [INFO] IPUIPlugin:80 - create IPUIPlugin
2023-06-12 09:59:24,273 [INFO] IPUIPlugin:80 - create IPUIPlugin
2023-06-12 09:59:24,273 [INFO] IPUIPlugin:80 - create IPUIPlugin
2023-06-12 09:59:24,273 [INFO] IPUIPlugin:80 - create IPUIPlugin
2023-06-12 09:59:24,274 [INFO] IPUIPlugin:80 - create IPUIPlugin
2023-06-12 09:59:24,274 [INFO] IPUIPlugin:80 - create IPUIPlugin
2023-06-12 09:59:24,274 [INFO] IPUIPlugin:80 - create IPUIPlugin
2023-06-12 09:59:24,274 [INFO] IPUIPlugin:80 - create IPUIPlugin
2023-06-12 09:59:24,275 [INFO] IPUIPlugin:80 - create IPUIPlugin
2023-06-12 09:59:24,275 [INFO] IPUIPlugin:80 - create IPUIPlugin
2023-06-12 09:59:24,276 [INFO] IPUIPlugin:80 - create IPUIPlugin
2023-06-12 09:59:24,276 [INFO] IPUIPlugin:80 - create IPUIPlugin
2023-06-12 09:59:24,276 [INFO] IPUIPlugin:80 - create IPUIPlugin
2023-06-12 09:59:24,283 [INFO] IPUIPlugin:80 - create IPUIPlugin
2023-06-12 09:59:24,285 [INFO] IPUIPlugin:80 - create IPUIPlugin
2023-06-12 09:59:24,287 [INFO] IPUIPlugin:80 - create IPUIPlugin
2023-06-12 09:59:24,287 [INFO] IPUIPlugin:80 - create IPUIPlugin
2023-06-12 09:59:24,288 [INFO] IPUIPlugin:80 - create IPUIPlugin
2023-06-12 09:59:24,289 [INFO] IPUIPlugin:80 - create IPUIPlugin
2023-06-12 09:59:24,289 [INFO] IPUIPlugin:80 - create IPUIPlugin
2023-06-12 09:59:24,290 [INFO] IPUIPlugin:80 - create IPUIPlugin
2023-06-12 09:59:24,290 [INFO] IPUIPlugin:80 - create IPUIPlugin
2023-06-12 09:59:24,291 [INFO] IPUIPlugin:80 - create IPUIPlugin
2023-06-12 09:59:26,240 [INFO] CADModel:165 - CPN selected for project levelSTM32L051K8T6
2023-06-12 09:59:26,240 [INFO] CADModel:114 - Register for checkConnection events
2023-06-12 09:59:26,299 [INFO] OpenFileManager:328 - Restore cursor
2023-06-12 11:47:31,712 [INFO] UtilMem:75 - End SaveConfig() Used Memory: 852069896 Bytes (1073741824)
2023-06-12 11:47:49,276 [INFO] UtilMem:75 - End SaveConfig() Used Memory: 537655136 Bytes (1073741824)
2023-06-12 11:47:53,453 [INFO] UtilMem:75 - End SaveConfig() Used Memory: 1050063760 Bytes (1073741824)
2023-06-12 11:47:54,564 [INFO] BlockDiagram:2759 - set Specific Code input for plugin: ADC
2023-06-12 11:47:54,565 [INFO] BlockDiagram:2759 - set Specific Code input for plugin: RTC
2023-06-12 11:47:54,565 [INFO] BlockDiagram:2759 - set Specific Code input for plugin: SPI
2023-06-12 11:47:54,565 [INFO] BlockDiagram:2759 - set Specific Code input for plugin: NVIC
2023-06-12 11:47:54,565 [INFO] BlockDiagram:2759 - set Specific Code input for plugin: GPIO
2023-06-12 11:47:54,565 [INFO] BlockDiagram:2759 - set Specific Code input for plugin: USART
2023-06-12 11:47:54,565 [INFO] BlockDiagram:2759 - set Specific Code input for plugin: RCC
2023-06-12 11:47:54,566 [INFO] BlockDiagram:2759 - set Specific Code input for plugin: DMA
2023-06-12 11:47:54,569 [INFO] CodeGenerator:793 - code generatio: config db path: C:\ST\STM32CubeIDE_1.12.0\STM32CubeIDE\plugins\com.st.stm32cube.common.mx_6.8.0.202302231600\\db\
2023-06-12 11:47:55,152 [INFO] CodeEngine:255 - oldGeneratedFile, C:\Users\jasie\STM32CubeIDE\BMa\SweetDreams\MXTmpFiles\license.tmp_save
2023-06-12 11:47:55,809 [INFO] CodeEngine:279 - Generated code: C:\Users\jasie\STM32CubeIDE\BMa\SweetDreams\MXTmpFiles\license.tmp
2023-06-12 11:47:56,014 [INFO] CodeEngine:255 - oldGeneratedFile, C:\Users\jasie\STM32CubeIDE\BMa\SweetDreams\MXTmpFiles\gpio.tmp_save
2023-06-12 11:47:56,211 [INFO] CodeEngine:279 - Generated code: C:\Users\jasie\STM32CubeIDE\BMa\SweetDreams\MXTmpFiles\gpio.tmp
2023-06-12 11:47:56,686 [INFO] CodeEngine:255 - oldGeneratedFile, C:\Users\jasie\STM32CubeIDE\BMa\SweetDreams\MXTmpFiles\dma.tmp_save
2023-06-12 11:47:56,824 [INFO] CodeEngine:279 - Generated code: C:\Users\jasie\STM32CubeIDE\BMa\SweetDreams\MXTmpFiles\dma.tmp
2023-06-12 11:47:56,834 [INFO] CodeEngine:255 - oldGeneratedFile, C:\Users\jasie\STM32CubeIDE\BMa\SweetDreams\MXTmpFiles\dma_GV.tmp_save
2023-06-12 11:47:56,921 [INFO] CodeEngine:279 - Generated code: C:\Users\jasie\STM32CubeIDE\BMa\SweetDreams\MXTmpFiles\dma_GV.tmp
2023-06-12 11:47:56,957 [INFO] CodeEngine:255 - oldGeneratedFile, C:\Users\jasie\STM32CubeIDE\BMa\SweetDreams\Core\Src\stm32l0xx_it.c_save
2023-06-12 11:47:57,125 [INFO] CodeEngine:279 - Generated code: C:\Users\jasie\STM32CubeIDE\BMa\SweetDreams\Core\Src\stm32l0xx_it.c
2023-06-12 11:47:57,141 [INFO] CodeEngine:255 - oldGeneratedFile, C:\Users\jasie\STM32CubeIDE\BMa\SweetDreams\Core\Inc\stm32l0xx_it.h_save
2023-06-12 11:47:57,273 [INFO] CodeEngine:279 - Generated code: C:\Users\jasie\STM32CubeIDE\BMa\SweetDreams\Core\Inc\stm32l0xx_it.h
2023-06-12 11:47:57,382 [INFO] CodeEngine:255 - oldGeneratedFile, C:\Users\jasie\STM32CubeIDE\BMa\SweetDreams\Core\Src\stm32l0xx_hal_msp.c_save
2023-06-12 11:47:57,589 [INFO] CodeEngine:279 - Generated code: C:\Users\jasie\STM32CubeIDE\BMa\SweetDreams\Core\Src\stm32l0xx_hal_msp.c
2023-06-12 11:47:57,606 [INFO] CodeEngine:255 - oldGeneratedFile, C:\Users\jasie\STM32CubeIDE\BMa\SweetDreams\MXTmpFiles\system.tmp_save
2023-06-12 11:47:57,700 [INFO] CodeEngine:279 - Generated code: C:\Users\jasie\STM32CubeIDE\BMa\SweetDreams\MXTmpFiles\system.tmp
2023-06-12 11:47:57,743 [INFO] CodeEngine:311 - oldGeneratedFile, C:\Users\jasie\STM32CubeIDE\BMa\SweetDreams\Core\Inc\stm32l0xx_hal_conf.h_save
2023-06-12 11:47:57,924 [INFO] CodeEngine:335 - Generated code: C:\Users\jasie\STM32CubeIDE\BMa\SweetDreams\Core\Inc\stm32l0xx_hal_conf.h
2023-06-12 11:47:57,998 [INFO] CodeEngine:255 - oldGeneratedFile, C:\Users\jasie\STM32CubeIDE\BMa\SweetDreams\Core\Inc\main.h_save
2023-06-12 11:47:58,177 [INFO] CodeEngine:279 - Generated code: C:\Users\jasie\STM32CubeIDE\BMa\SweetDreams\Core\Inc\main.h
2023-06-12 11:47:58,202 [INFO] CodeEngine:255 - oldGeneratedFile, C:\Users\jasie\STM32CubeIDE\BMa\SweetDreams\Core\Src\main.c_save
2023-06-12 11:47:58,487 [INFO] CodeEngine:279 - Generated code: C:\Users\jasie\STM32CubeIDE\BMa\SweetDreams\Core\Src\main.c
2023-06-12 11:47:59,399 [INFO] ProjectBuilder:2996 - Time for Copy HAL[1] : 279mS.
2023-06-12 11:47:59,419 [INFO] ProjectBuilder:4304 - Project Generator version: 3.19.2
2023-06-12 11:47:59,732 [INFO] ConfigFileManager:1483 - The Die is : DIE417
2023-06-12 11:47:59,751 [INFO] ApiDbMcu:507 - Load IP Config File for FATFS
2023-06-12 11:47:59,769 [INFO] ApiDbMcu:507 - Load IP Config File for FREERTOS
2023-06-12 11:48:01,733 [INFO] LogOutputStream:77 - [STDOUT_REDIRECT] 
2023-06-12 11:48:06,113 [INFO] ProjectBuilder:4505 - Time for Generating toolchain IDE Files: 6692mS.
2023-06-12 11:48:06,114 [INFO] ProjectBuilder:2867 - Time for Copy CMSIS : 1mS.
2023-06-12 11:48:06,118 [INFO] ProjectBuilder:2867 - Time for Copy CMSIS : 0mS.
2023-06-12 11:48:54,018 [ERROR] AdobePublisher:162 - Exception while opening the connection: java.net.SocketTimeoutException: connect timed out
