2023-06-06 14:31:16,109 [INFO] Activator:176 - 


2023-06-06 14:31:16,119 [INFO] Activator:177 - !SESSION log4j initialized
2023-06-06 14:31:28,467 [INFO] LogOutputStream:77 - [STDOUT_REDIRECT] 
2023-06-06 14:31:51,832 [ERROR] LogOutputStream:75 - [STDERR_REDIRECT] SLF4J: Failed to load class "org.slf4j.impl.StaticLoggerBinder".
2023-06-06 14:31:51,833 [ERROR] LogOutputStream:75 - [STDERR_REDIRECT] SLF4J: Defaulting to no-operation (NOP) logger implementation
2023-06-06 14:31:51,836 [ERROR] LogOutputStream:75 - [STDERR_REDIRECT] SLF4J: See http://www.slf4j.org/codes.html#StaticLoggerBinder for further details.
2023-06-06 14:40:53,348 [ERROR] LogOutputStream:75 - [STDERR_REDIRECT] Exception in thread "Thread-35" java.lang.NullPointerException
2023-06-06 14:40:53,351 [ERROR] LogOutputStream:75 - [STDERR_REDIRECT] 	at com.st.stm32cube.ide.mcu.cyclomaticcomplexity.Activator.debugTrace(Activator.java:68)
2023-06-06 14:40:53,356 [ERROR] LogOutputStream:75 - [STDERR_REDIRECT] 	at com.st.stm32cube.ide.mcu.cyclomaticcomplexity.CyclomaticView.TRACE(CyclomaticView.java:773)
2023-06-06 14:40:53,360 [ERROR] LogOutputStream:75 - [STDERR_REDIRECT] 	at com.st.stm32cube.ide.mcu.cyclomaticcomplexity.CyclomaticView.inputChanged(CyclomaticView.java:708)
2023-06-06 14:40:53,366 [ERROR] LogOutputStream:75 - [STDERR_REDIRECT] 	at com.st.stm32cube.ide.mcu.cyclomaticcomplexity.CyclomaticView.lambda$3(CyclomaticView.java:514)
2023-06-06 14:40:53,368 [ERROR] LogOutputStream:75 - [STDERR_REDIRECT] 	at java.base/java.lang.Thread.run(Thread.java:829)
2023-06-06 14:41:10,531 [INFO] Activator:176 - 


2023-06-06 14:41:10,535 [INFO] Activator:177 - !SESSION log4j initialized
2023-06-06 14:41:18,169 [INFO] LogOutputStream:77 - [STDOUT_REDIRECT] 
2023-06-06 14:41:39,951 [ERROR] LogOutputStream:75 - [STDERR_REDIRECT] SLF4J: Failed to load class "org.slf4j.impl.StaticLoggerBinder".
2023-06-06 14:41:39,952 [ERROR] LogOutputStream:75 - [STDERR_REDIRECT] SLF4J: Defaulting to no-operation (NOP) logger implementation
2023-06-06 14:41:39,955 [ERROR] LogOutputStream:75 - [STDERR_REDIRECT] SLF4J: See http://www.slf4j.org/codes.html#StaticLoggerBinder for further details.
2023-06-06 14:53:11,891 [INFO] ApplicationProperties:184 - Using Application install path: C:\ST\STM32CubeIDE_1.12.0\STM32CubeIDE\plugins\com.st.stm32cube.common.mx_6.8.0.202302231600
2023-06-06 14:53:11,925 [INFO] DbMcusXml:78 - Set database path to: C:\ST\STM32CubeIDE_1.12.0\STM32CubeIDE\plugins\com.st.stm32cube.common.mx_6.8.0.202302231600\\db\/mcu/
2023-06-06 14:53:11,925 [INFO] ApiDb:274 - Set plugin database path to: C:\ST\STM32CubeIDE_1.12.0\STM32CubeIDE\plugins\com.st.stm32cube.common.mx_6.8.0.202302231600\\db\/plugins/boardmanager/
2023-06-06 14:53:11,927 [WARN] ApiDb:259 - Overriding images path with different value:  => C:\ST\STM32CubeIDE_1.12.0\STM32CubeIDE\plugins\com.st.stm32cube.common.mx_6.8.0.202302231600\\db\/plugins/mcufinder/images/
2023-06-06 14:53:11,958 [INFO] ApiDb:250 - Set database path to: C:\Users\jasie\.stmcufinder\plugins\mcufinder//mcu/
2023-06-06 14:53:11,960 [INFO] DbMcusAds:125 - Set database path to: C:\Users\jasie\.stmcufinder\plugins\mcufinder//mcu/
2023-06-06 14:53:11,980 [INFO] CrossReferenceDbSqlite:203 - Set database path to: C:\Users\jasie\.stmcufinder\plugins\mcufinder//mcu/cs/
2023-06-06 14:53:12,159 [INFO] RulesReader:64 - Compatibility file has been processed (293 Rules)
2023-06-06 14:53:12,271 [INFO] DbMcusXml:78 - Set database path to: C:\ST\STM32CubeIDE_1.12.0\STM32CubeIDE\plugins\com.st.stm32cube.common.mx_6.8.0.202302231600\\db\/mcu/
2023-06-06 14:53:12,271 [INFO] ApiDb:274 - Set plugin database path to: C:\ST\STM32CubeIDE_1.12.0\STM32CubeIDE\plugins\com.st.stm32cube.common.mx_6.8.0.202302231600\\db\/plugins/boardmanager/
2023-06-06 14:53:12,271 [INFO] ApiDb:261 - Set plugin images path to: C:\ST\STM32CubeIDE_1.12.0\STM32CubeIDE\plugins\com.st.stm32cube.common.mx_6.8.0.202302231600\\db\/plugins/mcufinder/images/
2023-06-06 14:53:12,271 [WARN] DbFile:41 - Overriding database path with different value: C:\Users\jasie\.stmcufinder\plugins\mcufinder/ => C:\Users\jasie\.stmcufinder\plugins\mcufinder
2023-06-06 14:53:12,271 [INFO] ApiDb:250 - Set database path to: C:\Users\jasie\.stmcufinder\plugins\mcufinder//mcu/
2023-06-06 14:53:12,271 [WARN] DbFile:41 - Overriding database path with different value: C:\Users\jasie\.stmcufinder\plugins\mcufinder/ => C:\Users\jasie\.stmcufinder\plugins\mcufinder
2023-06-06 14:53:12,272 [INFO] DbMcusAds:125 - Set database path to: C:\Users\jasie\.stmcufinder\plugins\mcufinder//mcu/
2023-06-06 14:53:12,272 [WARN] DbFile:41 - Overriding database path with different value: C:\Users\jasie\.stmcufinder\plugins\mcufinder/ => C:\Users\jasie\.stmcufinder\plugins\mcufinder
2023-06-06 14:53:12,272 [WARN] DbFile:41 - Overriding database path with different value: C:\Users\jasie\.stmcufinder\plugins\mcufinder/ => C:\Users\jasie\.stmcufinder\plugins\mcufinder
2023-06-06 14:53:12,272 [INFO] CrossReferenceDbSqlite:203 - Set database path to: C:\Users\jasie\.stmcufinder\plugins\mcufinder//mcu/cs/
2023-06-06 14:53:12,385 [INFO] MainPanel:253 - HeapMemory: 541065216
2023-06-06 14:53:12,558 [INFO] DbMcusXml:78 - Set database path to: C:\ST\STM32CubeIDE_1.12.0\STM32CubeIDE\plugins\com.st.stm32cube.common.mx_6.8.0.202302231600\\db\/mcu/
2023-06-06 14:53:12,558 [INFO] ApiDb:274 - Set plugin database path to: C:\ST\STM32CubeIDE_1.12.0\STM32CubeIDE\plugins\com.st.stm32cube.common.mx_6.8.0.202302231600\\db\/plugins/boardmanager/
2023-06-06 14:53:12,558 [INFO] ApiDb:261 - Set plugin images path to: C:\ST\STM32CubeIDE_1.12.0\STM32CubeIDE\plugins\com.st.stm32cube.common.mx_6.8.0.202302231600\\db\/plugins/mcufinder/images/
2023-06-06 14:53:12,559 [WARN] DbFile:41 - Overriding database path with different value: C:\Users\jasie\.stmcufinder\plugins\mcufinder/ => C:\Users\jasie\.stmcufinder\plugins\mcufinder
2023-06-06 14:53:12,559 [INFO] ApiDb:250 - Set database path to: C:\Users\jasie\.stmcufinder\plugins\mcufinder//mcu/
2023-06-06 14:53:12,559 [WARN] DbFile:41 - Overriding database path with different value: C:\Users\jasie\.stmcufinder\plugins\mcufinder/ => C:\Users\jasie\.stmcufinder\plugins\mcufinder
2023-06-06 14:53:12,559 [INFO] DbMcusAds:125 - Set database path to: C:\Users\jasie\.stmcufinder\plugins\mcufinder//mcu/
2023-06-06 14:53:12,560 [WARN] DbFile:41 - Overriding database path with different value: C:\Users\jasie\.stmcufinder\plugins\mcufinder/ => C:\Users\jasie\.stmcufinder\plugins\mcufinder
2023-06-06 14:53:12,560 [WARN] DbFile:41 - Overriding database path with different value: C:\Users\jasie\.stmcufinder\plugins\mcufinder/ => C:\Users\jasie\.stmcufinder\plugins\mcufinder
2023-06-06 14:53:12,560 [INFO] CrossReferenceDbSqlite:203 - Set database path to: C:\Users\jasie\.stmcufinder\plugins\mcufinder//mcu/cs/
2023-06-06 14:53:12,586 [INFO] ApplicationProperties:184 - Using Application install path: C:\ST\STM32CubeIDE_1.12.0\STM32CubeIDE\plugins\com.st.stm32cube.common.mx_6.8.0.202302231600
2023-06-06 14:53:12,588 [INFO] PluginManage:196 - Search for loadable plugins [exclusion list=, ]
2023-06-06 14:53:12,590 [INFO] PluginManage:310 - Check plugin analytics
2023-06-06 14:53:12,846 [INFO] AnalyticsPlugin:253 - Accepted Software Licenses: STM32CubeMX.6.8.0
2023-06-06 14:53:12,846 [INFO] AnalyticsPlugin:255 - Accepted CMSIS Pack Licenses: 
2023-06-06 14:53:12,846 [INFO] AnalyticsPlugin:257 - Accepted Firmware Licenses: FW.G4.1.5.0
2023-06-06 14:53:12,856 [INFO] PluginManage:359 - Loaded plugin analytics (category:tool,tabindex:-1)
2023-06-06 14:53:12,856 [INFO] PluginManage:310 - Check plugin cadmodel
2023-06-06 14:53:12,875 [INFO] CADModel:105 - Init CAD model plugin
2023-06-06 14:53:12,876 [INFO] PluginManage:359 - Loaded plugin cadmodel (category:power,tabindex:5)
2023-06-06 14:53:12,876 [INFO] PluginManage:310 - Check plugin clock
2023-06-06 14:53:12,907 [INFO] PluginManage:359 - Loaded plugin clock (category:base,tabindex:2)
2023-06-06 14:53:12,907 [INFO] PluginManage:310 - Check plugin ddr
2023-06-06 14:53:12,911 [INFO] PluginManage:359 - Loaded plugin ddr (category:tool,tabindex:6)
2023-06-06 14:53:12,912 [INFO] PluginManage:310 - Check plugin filemanager
2023-06-06 14:53:13,125 [INFO] PluginManage:359 - Loaded plugin filemanager (category:base,tabindex:10)
2023-06-06 14:53:13,126 [INFO] PluginManage:310 - Check plugin ipmanager
2023-06-06 14:53:13,137 [INFO] PluginManage:359 - Loaded plugin ipmanager (category:base,tabindex:5)
2023-06-06 14:53:13,137 [INFO] PluginManage:310 - Check plugin lpbam
2023-06-06 14:53:13,162 [INFO] PluginManage:359 - Loaded plugin lpbam (category:base,tabindex:0)
2023-06-06 14:53:13,163 [INFO] PluginManage:310 - Check plugin pinoutandconfiguration
2023-06-06 14:53:13,189 [INFO] PluginManage:359 - Loaded plugin pinoutandconfiguration (category:base,tabindex:1)
2023-06-06 14:53:13,189 [INFO] PluginManage:310 - Check plugin pinoutconfig
2023-06-06 14:53:13,334 [WARN] SupportedApi:132 - Cannot load RTOS API schema: s4s-elt-must-match.1: The content of 'definitions' must match (annotation?, (simpleType | complexType)?, (unique | key | keyref)*)). A problem was found starting at: attribute.
2023-06-06 14:53:13,536 [INFO] PluginManage:359 - Loaded plugin pinoutconfig (category:base,tabindex:0)
2023-06-06 14:53:13,537 [INFO] PluginManage:310 - Check plugin power
2023-06-06 14:53:13,568 [INFO] PluginManage:359 - Loaded plugin power (category:power,tabindex:4)
2023-06-06 14:53:13,569 [INFO] PluginManage:310 - Check plugin projectmanager
2023-06-06 14:53:13,594 [INFO] PluginManage:359 - Loaded plugin projectmanager (category:projectmanager,tabindex:3)
2023-06-06 14:53:13,594 [INFO] PluginManage:310 - Check plugin thirdparty
2023-06-06 14:53:13,918 [INFO] PluginManage:359 - Loaded plugin thirdparty (category:base,tabindex:-1)
2023-06-06 14:53:13,918 [WARN] IntegrityCheckThread:84 - waiting for thirdparty lock release [integrity check]
2023-06-06 14:53:13,919 [INFO] PluginManage:310 - Check plugin tools
2023-06-06 14:53:13,919 [INFO] IntegrityCheckThread:86 - entering critical section [integrity check]
2023-06-06 14:53:13,921 [INFO] ThirdPartyUpdaterWithRetryManager:70 - Updater plugin not ready yet. [1/15]
2023-06-06 14:53:13,949 [INFO] PluginManage:359 - Loaded plugin tools (category:base,tabindex:7)
2023-06-06 14:53:13,949 [INFO] PluginManage:310 - Check plugin tutovideos
2023-06-06 14:53:14,226 [INFO] PluginManage:359 - Loaded plugin tutovideos (category:base,tabindex:-1)
2023-06-06 14:53:14,227 [INFO] PluginManage:310 - Check plugin updater
2023-06-06 14:53:14,252 [INFO] PluginManage:359 - Loaded plugin updater (category:base,tabindex:12)
2023-06-06 14:53:14,253 [INFO] PluginManage:283 - PluginManage : Loaded plugins [15]
2023-06-06 14:53:14,696 [INFO] PinOutPanel:1499 - setPackage(No Configuration,No Configuration)
2023-06-06 14:53:14,809 [INFO] CADModel:165 - CPN selected for project level
2023-06-06 14:53:14,810 [INFO] CADModel:114 - Register for checkConnection events
2023-06-06 14:53:14,853 [INFO] IPUIPlugin:80 - create IPUIPlugin
2023-06-06 14:53:14,854 [INFO] PluginManager:220 - loadIPPluginJar : add adc
2023-06-06 14:53:14,895 [INFO] IPUIPlugin:80 - create IPUIPlugin
2023-06-06 14:53:14,895 [INFO] PluginManager:220 - loadIPPluginJar : add aes
2023-06-06 14:53:14,934 [INFO] IPUIPlugin:80 - create IPUIPlugin
2023-06-06 14:53:14,934 [INFO] PluginManager:220 - loadIPPluginJar : add can
2023-06-06 14:53:14,956 [INFO] IPUIPlugin:80 - create IPUIPlugin
2023-06-06 14:53:14,956 [INFO] PluginManager:220 - loadIPPluginJar : add comp
2023-06-06 14:53:14,987 [INFO] IPUIPlugin:80 - create IPUIPlugin
2023-06-06 14:53:14,987 [INFO] PluginManager:220 - loadIPPluginJar : add cryp
2023-06-06 14:53:15,012 [INFO] IPUIPlugin:80 - create IPUIPlugin
2023-06-06 14:53:15,012 [INFO] PluginManager:220 - loadIPPluginJar : add dfsdm
2023-06-06 14:53:15,026 [INFO] IPUIPlugin:80 - create IPUIPlugin
2023-06-06 14:53:15,027 [INFO] PluginManager:220 - loadIPPluginJar : add dma
2023-06-06 14:53:15,063 [INFO] IPUIPlugin:80 - create IPUIPlugin
2023-06-06 14:53:15,064 [INFO] PluginManager:220 - loadIPPluginJar : add dma3
2023-06-06 14:53:15,081 [INFO] IPUIPlugin:80 - create IPUIPlugin
2023-06-06 14:53:15,081 [INFO] PluginManager:220 - loadIPPluginJar : add fatfs
2023-06-06 14:53:15,126 [INFO] IPUIPlugin:80 - create IPUIPlugin
2023-06-06 14:53:15,126 [INFO] PluginManager:220 - loadIPPluginJar : add fmc
2023-06-06 14:53:15,145 [INFO] IPUIPlugin:80 - create IPUIPlugin
2023-06-06 14:53:15,145 [INFO] PluginManager:220 - loadIPPluginJar : add freertos
2023-06-06 14:53:15,164 [INFO] IPUIPlugin:80 - create IPUIPlugin
2023-06-06 14:53:15,165 [INFO] PluginManager:220 - loadIPPluginJar : add genericplugin
2023-06-06 14:53:15,242 [INFO] IPUIPlugin:80 - create IPUIPlugin
2023-06-06 14:53:15,242 [INFO] PluginManager:220 - loadIPPluginJar : add gfxmmu
2023-06-06 14:53:15,360 [INFO] IPUIPlugin:80 - create IPUIPlugin
2023-06-06 14:53:15,360 [INFO] PluginManager:220 - loadIPPluginJar : add gic
2023-06-06 14:53:15,378 [INFO] IPUIPlugin:80 - create IPUIPlugin
2023-06-06 14:53:15,378 [INFO] PluginManager:220 - loadIPPluginJar : add gpio
2023-06-06 14:53:15,453 [INFO] IPUIPlugin:80 - create IPUIPlugin
2023-06-06 14:53:15,453 [INFO] PluginManager:220 - loadIPPluginJar : add gtzc
2023-06-06 14:53:15,481 [INFO] IPUIPlugin:80 - create IPUIPlugin
2023-06-06 14:53:15,481 [INFO] PluginManager:220 - loadIPPluginJar : add hash
2023-06-06 14:53:15,527 [INFO] IPUIPlugin:80 - create IPUIPlugin
2023-06-06 14:53:15,527 [INFO] PluginManager:220 - loadIPPluginJar : add i2c
2023-06-06 14:53:15,581 [INFO] IPUIPlugin:80 - create IPUIPlugin
2023-06-06 14:53:15,581 [INFO] PluginManager:220 - loadIPPluginJar : add i2s
2023-06-06 14:53:15,627 [INFO] IPUIPlugin:80 - create IPUIPlugin
2023-06-06 14:53:15,627 [INFO] PluginManager:220 - loadIPPluginJar : add i3c
2023-06-06 14:53:15,768 [INFO] IPUIPlugin:80 - create IPUIPlugin
2023-06-06 14:53:15,768 [INFO] PluginManager:220 - loadIPPluginJar : add ipddr
2023-06-06 14:53:15,874 [INFO] IPUIPlugin:80 - create IPUIPlugin
2023-06-06 14:53:15,874 [INFO] PluginManager:220 - loadIPPluginJar : add linkedlist
2023-06-06 14:53:15,912 [INFO] IPUIPlugin:80 - create IPUIPlugin
2023-06-06 14:53:15,913 [INFO] PluginManager:220 - loadIPPluginJar : add lorawan
2023-06-06 14:53:15,943 [INFO] IPUIPlugin:80 - create IPUIPlugin
2023-06-06 14:53:15,943 [INFO] PluginManager:220 - loadIPPluginJar : add ltdc
2023-06-06 14:53:15,961 [INFO] IPUIPlugin:80 - create IPUIPlugin
2023-06-06 14:53:15,961 [INFO] PluginManager:220 - loadIPPluginJar : add mdma
2023-06-06 14:53:15,974 [INFO] IPUIPlugin:80 - create IPUIPlugin
2023-06-06 14:53:15,974 [INFO] PluginManager:220 - loadIPPluginJar : add nvic
2023-06-06 14:53:16,007 [INFO] IPUIPlugin:80 - create IPUIPlugin
2023-06-06 14:53:16,007 [INFO] PluginManager:220 - loadIPPluginJar : add opamp
2023-06-06 14:53:16,061 [INFO] IPUIPlugin:80 - create IPUIPlugin
2023-06-06 14:53:16,062 [INFO] PluginManager:220 - loadIPPluginJar : add openamp
2023-06-06 14:53:16,096 [INFO] IPUIPlugin:80 - create IPUIPlugin
2023-06-06 14:53:16,096 [INFO] PluginManager:220 - loadIPPluginJar : add pdm2pcm
2023-06-06 14:53:16,111 [INFO] IPUIPlugin:80 - create IPUIPlugin
2023-06-06 14:53:16,114 [INFO] PluginManager:220 - loadIPPluginJar : add plateformsettings
2023-06-06 14:53:16,134 [INFO] IPUIPlugin:80 - create IPUIPlugin
2023-06-06 14:53:16,134 [INFO] PluginManager:220 - loadIPPluginJar : add quadspi
2023-06-06 14:53:16,147 [INFO] IPUIPlugin:80 - create IPUIPlugin
2023-06-06 14:53:16,148 [INFO] PluginManager:220 - loadIPPluginJar : add resmgrutility
2023-06-06 14:53:16,190 [INFO] IPUIPlugin:80 - create IPUIPlugin
2023-06-06 14:53:16,191 [INFO] PluginManager:220 - loadIPPluginJar : add sai
2023-06-06 14:53:16,221 [INFO] IPUIPlugin:80 - create IPUIPlugin
2023-06-06 14:53:16,221 [INFO] PluginManager:220 - loadIPPluginJar : add spi
2023-06-06 14:53:16,271 [INFO] IPUIPlugin:80 - create IPUIPlugin
2023-06-06 14:53:16,271 [INFO] PluginManager:220 - loadIPPluginJar : add stm32_wpan
2023-06-06 14:53:16,292 [INFO] IPUIPlugin:80 - create IPUIPlugin
2023-06-06 14:53:16,292 [INFO] PluginManager:220 - loadIPPluginJar : add tim
2023-06-06 14:53:16,346 [INFO] IPUIPlugin:80 - create IPUIPlugin
2023-06-06 14:53:16,346 [INFO] PluginManager:220 - loadIPPluginJar : add touchsensing
2023-06-06 14:53:16,377 [INFO] IPUIPlugin:80 - create IPUIPlugin
2023-06-06 14:53:16,377 [INFO] PluginManager:220 - loadIPPluginJar : add tracer_emb
2023-06-06 14:53:16,415 [INFO] IPUIPlugin:80 - create IPUIPlugin
2023-06-06 14:53:16,415 [INFO] PluginManager:220 - loadIPPluginJar : add ts
2023-06-06 14:53:16,442 [INFO] IPUIPlugin:80 - create IPUIPlugin
2023-06-06 14:53:16,443 [INFO] PluginManager:220 - loadIPPluginJar : add tsc
2023-06-06 14:53:16,463 [INFO] IPUIPlugin:80 - create IPUIPlugin
2023-06-06 14:53:16,463 [INFO] PluginManager:220 - loadIPPluginJar : add ucpd
2023-06-06 14:53:16,512 [INFO] IPUIPlugin:80 - create IPUIPlugin
2023-06-06 14:53:16,513 [INFO] PluginManager:220 - loadIPPluginJar : add usart
2023-06-06 14:53:16,550 [INFO] IPUIPlugin:80 - create IPUIPlugin
2023-06-06 14:53:16,550 [INFO] PluginManager:220 - loadIPPluginJar : add usbx
2023-06-06 14:53:16,714 [INFO] CADModel:165 - CPN selected for project level
2023-06-06 14:53:16,714 [INFO] CADModel:114 - Register for checkConnection events
2023-06-06 14:53:16,714 [FATAL] Updater:308 - Updater called before beeing initialized
2023-06-06 14:53:16,714 [ERROR] CADModel:125 - Updater not yet initialized, retry later 
2023-06-06 14:53:16,929 [INFO] ThirdPartyUpdaterWithRetryManager:70 - Updater plugin not ready yet. [2/15]
2023-06-06 14:53:16,966 [INFO] CADModel:165 - CPN selected for project level
2023-06-06 14:53:16,966 [INFO] CADModel:114 - Register for checkConnection events
2023-06-06 14:53:16,966 [FATAL] Updater:308 - Updater called before beeing initialized
2023-06-06 14:53:16,966 [ERROR] CADModel:125 - Updater not yet initialized, retry later 
2023-06-06 14:53:16,971 [FATAL] Updater:308 - Updater called before beeing initialized
2023-06-06 14:53:17,181 [FATAL] Updater:308 - Updater called before beeing initialized
2023-06-06 14:53:17,197 [INFO] DbMcusAds:53 - JSON generation date=Tue Mar 07 09:50:54 CET 2023 (1678179054945)
2023-06-06 14:53:17,198 [FATAL] Updater:308 - Updater called before beeing initialized
2023-06-06 14:53:17,264 [WARN] DetailPanel:346 - Failed to get advertising image, set to default
2023-06-06 14:53:17,428 [FATAL] Updater:308 - Updater called before beeing initialized
2023-06-06 14:53:17,432 [FATAL] Updater:308 - Updater called before beeing initialized
2023-06-06 14:53:17,433 [FATAL] Updater:308 - Updater called before beeing initialized
2023-06-06 14:53:17,433 [WARN] DetailPanel:346 - Failed to get advertising image, set to default
2023-06-06 14:53:17,435 [FATAL] Updater:308 - Updater called before beeing initialized
2023-06-06 14:53:17,544 [ERROR] Updater:1120 - MainUpdater not yet initialized. External WinMGr cannot be set.
2023-06-06 14:53:17,559 [INFO] Updater:1056 - Updater Version found : 6.8.0
2023-06-06 14:53:17,591 [INFO] ApplicationProperties:184 - Using Application install path: C:\ST\STM32CubeIDE_1.12.0\STM32CubeIDE\plugins\com.st.stm32cube.common.mx_6.8.0.202302231600
2023-06-06 14:53:17,919 [INFO] MainUpdater:2854 - connection check result : 10
2023-06-06 14:53:17,921 [INFO] MainUpdater:283 - Updater Check For Update Now.
2023-06-06 14:53:17,921 [INFO] MicroXplorer:498 - Change Database Version : DB.6.0.80
2023-06-06 14:53:18,159 [INFO] CheckServerUpdateThread:120 - End of CheckServer Thread
2023-06-06 14:53:18,175 [INFO] MainUpdater:2854 - connection check result : 10
2023-06-06 14:53:18,186 [INFO] MainUpdater:2854 - connection check result : 10
2023-06-06 14:53:18,378 [INFO] MicroXplorer:468 - Change Database Path : 
2023-06-06 14:53:18,378 [INFO] MicroXplorer:498 - Change Database Version : DB.6.0.80
2023-06-06 14:53:18,380 [WARN] ThirdParty:871 - waiting for thirdparty lock release [close project]
2023-06-06 14:53:20,184 [WARN] PackLoader:240 - Cannot read IP mode file for STMicroelectronics.X-CUBE-GNSS1.6.0.0
2023-06-06 14:53:20,263 [WARN] PackLoader:240 - Cannot read IP mode file for STMicroelectronics.X-CUBE-AZRTOS-F4.1.1.0
2023-06-06 14:53:20,292 [WARN] PackLoader:240 - Cannot read IP mode file for STMicroelectronics.X-CUBE-SMBUS.2.1.0
2023-06-06 14:53:20,434 [WARN] PackLoader:240 - Cannot read IP mode file for STMicroelectronics.X-CUBE-MEMS1.9.2.0
2023-06-06 14:53:20,670 [WARN] PackLoader:240 - Cannot read IP mode file for STMicroelectronics.X-CUBE-AZRTOS-F7.1.1.0
2023-06-06 14:53:20,774 [WARN] PackLoader:240 - Cannot read IP mode file for STMicroelectronics.X-CUBE-MEMS1.9.6.0
2023-06-06 14:53:20,990 [WARN] PackLoader:240 - Cannot read IP mode file for STMicroelectronics.X-CUBE-AI.7.1.0
2023-06-06 14:53:21,005 [WARN] PackLoader:240 - Cannot read IP mode file for STMicroelectronics.X-CUBE-TOUCHGFX.4.19.1
2023-06-06 14:53:21,024 [ERROR] RealEvaluatedCondition:428 - Found unsupported composite condition: GROUP='STM32_MetaDataManager' CLASS='Data Exchange'
2023-06-06 14:53:21,025 [ERROR] RealEvaluatedCondition:428 - Found unsupported composite condition: GROUP='STM32_MetaDataManager' CLASS='Data Exchange'
2023-06-06 14:53:21,027 [WARN] PackLoader:240 - Cannot read IP mode file for STMicroelectronics.FP-SNS-MOTENV1.4.3.0
2023-06-06 14:53:21,045 [WARN] PackLoader:240 - Cannot read IP mode file for STMicroelectronics.FP-SNS-FLIGHT1.5.0.0
2023-06-06 14:53:21,072 [ERROR] RealEvaluatedCondition:428 - Found unsupported composite condition: CLASS='Data Exchange' GROUP='STM32_MetaDataManager'
2023-06-06 14:53:21,072 [ERROR] RealEvaluatedCondition:428 - Found unsupported composite condition: CLASS='Data Exchange' GROUP='STM32_MetaDataManager'
2023-06-06 14:53:21,074 [WARN] PackLoader:240 - Cannot read IP mode file for STMicroelectronics.FP-SNS-MOTENV1.4.3.1
2023-06-06 14:53:21,093 [WARN] PackLoader:240 - Cannot read IP mode file for STMicroelectronics.FP-SNS-FLIGHT1.5.0.1
2023-06-06 14:53:21,113 [WARN] PackLoader:240 - Cannot read IP mode file for STMicroelectronics.X-CUBE-BLE1.6.2.3
2023-06-06 14:53:21,128 [WARN] PackLoader:240 - Cannot read IP mode file for STMicroelectronics.X-CUBE-BLE1.6.2.4
2023-06-06 14:53:21,154 [WARN] PackLoader:240 - Cannot read IP mode file for STMicroelectronics.X-CUBE-BLEMGR.2.0.0
2023-06-06 14:53:21,176 [WARN] PackLoader:240 - Cannot read IP mode file for STMicroelectronics.X-CUBE-NFC4.2.0.4
2023-06-06 14:53:21,196 [WARN] PackLoader:240 - Cannot read IP mode file for STMicroelectronics.X-CUBE-BLE2.3.2.2
2023-06-06 14:53:21,234 [WARN] ConditionMgr:438 - getConditionDescription Invalid condition id : UX DEVICE CLASS RTOS Condition cause : null
2023-06-06 14:53:21,235 [WARN] ConditionMgr:438 - getConditionDescription Invalid condition id : UX DEVICE CLASS RTOS Condition cause : null
2023-06-06 14:53:21,238 [WARN] PackLoader:240 - Cannot read IP mode file for STMicroelectronics.X-CUBE-AZRTOS-H7.3.1.0
2023-06-06 14:53:21,240 [WARN] ConditionMgr:1039 - genDependencies : Invalid condition id : UX DEVICE CLASS RTOS Condition cause : null
2023-06-06 14:53:21,240 [WARN] ConditionMgr:1039 - genDependencies : Invalid condition id : UX DEVICE CLASS RTOS Condition cause : null
2023-06-06 14:53:21,240 [WARN] ConditionMgr:1039 - genDependencies : Invalid condition id : UX DEVICE CLASS RTOS Condition cause : null
2023-06-06 14:53:21,241 [WARN] ConditionMgr:1039 - genDependencies : Invalid condition id : UX DEVICE CLASS RTOS Condition cause : null
2023-06-06 14:53:21,241 [WARN] ConditionMgr:1039 - genDependencies : Invalid condition id : UX DEVICE CLASS RTOS Condition cause : null
2023-06-06 14:53:21,264 [WARN] PackLoader:240 - Cannot read IP mode file for STMicroelectronics.X-CUBE-SFXS2LP1.3.1.0
2023-06-06 14:53:21,289 [WARN] PackLoader:240 - Cannot read IP mode file for STMicroelectronics.X-CUBE-DISPLAY.3.0.0
2023-06-06 14:53:21,350 [WARN] PackLoader:240 - Cannot read IP mode file for STMicroelectronics.X-CUBE-AZRTOS-F4.1.0.0
2023-06-06 14:53:21,368 [WARN] PackLoader:240 - Cannot read IP mode file for wolfSSL.I-CUBE-wolfSSL.5.5.4
2023-06-06 14:53:21,389 [WARN] PackLoader:240 - Cannot read IP mode file for STMicroelectronics.X-CUBE-NFC7.1.0.0
2023-06-06 14:53:21,404 [WARN] PackLoader:240 - Cannot read IP mode file for STMicroelectronics.X-CUBE-EEPRMA1.4.1.0
2023-06-06 14:53:21,430 [INFO] LogOutputStream:77 - [STDOUT_REDIRECT] 1 : Invalid condition id : UX_CORESTACK_Condition cause : null
2023-06-06 14:53:21,432 [INFO] LogOutputStream:77 - [STDOUT_REDIRECT] 1 : Invalid condition id : UX_CORESTACK_Condition cause : null
2023-06-06 14:53:21,433 [INFO] LogOutputStream:77 - [STDOUT_REDIRECT] 1 : Invalid condition id : UX_CORESTACK_Condition cause : null
2023-06-06 14:53:21,435 [INFO] LogOutputStream:77 - [STDOUT_REDIRECT] 1 : Invalid condition id : UX_CORESTACK_Condition cause : null
2023-06-06 14:53:21,437 [INFO] LogOutputStream:77 - [STDOUT_REDIRECT] 1 : Invalid condition id : UX_CORESTACK_Condition cause : null
2023-06-06 14:53:21,440 [WARN] PackLoader:240 - Cannot read IP mode file for STMicroelectronics.X-CUBE-AZRTOS-WL.2.0.0
2023-06-06 14:53:21,481 [WARN] PackLoader:240 - Cannot read IP mode file for STMicroelectronics.X-CUBE-AZRTOS-G0.1.0.0
2023-06-06 14:53:21,522 [WARN] ConditionMgr:438 - getConditionDescription Invalid condition id : LAN8742 Phy interface Condition cause : null
2023-06-06 14:53:21,523 [WARN] PackLoader:240 - Cannot read IP mode file for STMicroelectronics.X-CUBE-AZRTOS-L4.2.0.0
2023-06-06 14:53:21,524 [WARN] ConditionMgr:1039 - genDependencies : Invalid condition id : LAN8742 Phy interface Condition cause : null
2023-06-06 14:53:21,524 [WARN] ConditionMgr:1039 - genDependencies : Invalid condition id : LAN8742 Phy interface Condition cause : null
2023-06-06 14:53:21,525 [WARN] ConditionMgr:1039 - genDependencies : Invalid condition id : LAN8742 Phy interface Condition cause : null
2023-06-06 14:53:21,552 [WARN] PackLoader:240 - Cannot read IP mode file for WES.I-CUBE-Cesium.1.3.0
2023-06-06 14:53:21,573 [WARN] PackLoader:240 - Cannot read IP mode file for STMicroelectronics.X-CUBE-SFXS2LP1.4.0.0
2023-06-06 14:53:21,592 [WARN] PackLoader:240 - Cannot read IP mode file for STMicroelectronics.X-CUBE-BLE2.3.3.0
2023-06-06 14:53:21,611 [WARN] PackLoader:240 - Cannot read IP mode file for STMicroelectronics.X-CUBE-DISPLAY.2.2.0
2023-06-06 14:53:21,636 [WARN] PackLoader:240 - Cannot read IP mode file for STMicroelectronics.X-CUBE-TOF1.3.2.0
2023-06-06 14:53:21,696 [WARN] PackLoader:240 - Cannot read IP mode file for STMicroelectronics.X-CUBE-AZRTOS-H7.3.0.0
2023-06-06 14:53:21,716 [WARN] PackLoader:240 - Cannot read IP mode file for STMicroelectronics.X-CUBE-ISPU.1.1.0
2023-06-06 14:53:21,736 [WARN] PackLoader:240 - Cannot read IP mode file for RoweBots.I-CUBE-UNISONRTOS.5.5.0-4
2023-06-06 14:53:21,789 [WARN] PackLoader:240 - Cannot read IP mode file for STMicroelectronics.X-CUBE-AZRTOS-H7.2.1.0
2023-06-06 14:53:21,805 [WARN] PackLoader:240 - Cannot read IP mode file for STMicroelectronics.X-CUBE-AI.8.0.0
2023-06-06 14:53:21,820 [WARN] PackLoader:240 - Cannot read IP mode file for STMicroelectronics.X-CUBE-FREERTOS.1.0.0
2023-06-06 14:53:21,835 [WARN] PackLoader:240 - Cannot read IP mode file for STMicroelectronics.X-CUBE-FREERTOS.1.0.1
2023-06-06 14:53:21,850 [WARN] PackLoader:240 - Cannot read IP mode file for STMicroelectronics.X-CUBE-TOUCHGFX.4.21.1
2023-06-06 14:53:21,867 [WARN] PackLoader:240 - Cannot read IP mode file for STMicroelectronics.X-CUBE-TOUCHGFX.4.21.3
2023-06-06 14:53:21,880 [WARN] PackLoader:240 - Cannot read IP mode file for STMicroelectronics.X-CUBE-TOUCHGFX.4.21.4
2023-06-06 14:53:21,895 [WARN] PackLoader:240 - Cannot read IP mode file for STMicroelectronics.X-CUBE-ALGOBUILD.1.3.0
2023-06-06 14:53:21,925 [WARN] PackLoader:240 - Cannot read IP mode file for STMicroelectronics.X-CUBE-AZRTOS-L5.1.1.0
2023-06-06 14:53:21,967 [WARN] PackLoader:240 - Cannot read IP mode file for STMicroelectronics.X-CUBE-AZRTOS-G0.1.1.0
2023-06-06 14:53:21,987 [WARN] PackLoader:240 - Cannot read IP mode file for STMicroelectronics.X-CUBE-AI.8.0.1
2023-06-06 14:53:22,009 [WARN] PackLoader:240 - Cannot read IP mode file for STMicroelectronics.X-CUBE-SUBG2.5.0.0
2023-06-06 14:53:22,030 [WARN] PackLoader:240 - Cannot read IP mode file for STMicroelectronics.X-CUBE-NFC4.3.0.0
2023-06-06 14:53:22,120 [WARN] PackLoader:240 - Cannot read IP mode file for SEGGER.I-CUBE-embOS.1.2.0
2023-06-06 14:53:22,212 [WARN] PackLoader:240 - Cannot read IP mode file for STMicroelectronics.X-CUBE-AZRTOS-G4.2.0.0
2023-06-06 14:53:22,243 [WARN] PackLoader:240 - Cannot read IP mode file for STMicroelectronics.X-CUBE-TOF1.3.3.0
2023-06-06 14:53:22,275 [WARN] PackLoader:240 - Cannot read IP mode file for STMicroelectronics.FP-ATR-ASTRA1.1.1.1
2023-06-06 14:53:22,304 [WARN] PackLoader:240 - Cannot read IP mode file for STMicroelectronics.X-CUBE-AZRTOS-G4.1.0.0
2023-06-06 14:53:22,322 [WARN] PackLoader:240 - Cannot read IP mode file for STMicroelectronics.FP-ATR-SIGFOX1.3.2.0
2023-06-06 14:53:22,361 [WARN] PackLoader:240 - Cannot read IP mode file for STMicroelectronics.X-CUBE-AZRTOS-L4.1.0.0
2023-06-06 14:53:22,391 [WARN] PackLoader:240 - Cannot read IP mode file for emotas.I-CUBE-CANOPEN.1.1.2
2023-06-06 14:53:22,432 [WARN] PackLoader:240 - Cannot read IP mode file for STMicroelectronics.X-CUBE-AZRTOS-F7.1.0.0
2023-06-06 14:53:22,466 [WARN] PackLoader:240 - Cannot read IP mode file for STMicroelectronics.X-CUBE-AZRTOS-WL.1.0.0
2023-06-06 14:53:22,483 [WARN] PackLoader:240 - Cannot read IP mode file for portGmbH.I-Cube-SoM-uGOAL.1.1.0
2023-06-06 14:53:22,500 [WARN] PackLoader:240 - Cannot read IP mode file for STMicroelectronics.X-CUBE-ALS.1.0.1
2023-06-06 14:53:22,570 [WARN] PackLoader:240 - Cannot read IP mode file for STMicroelectronics.X-CUBE-MEMS1.9.5.0
2023-06-06 14:53:22,774 [WARN] PackLoader:240 - Cannot read IP mode file for STMicroelectronics.X-CUBE-AZRTOS-WB.1.1.0
2023-06-06 14:53:22,824 [WARN] PackLoader:240 - Cannot read IP mode file for SEGGER.I-CUBE-embOS.1.3.1
2023-06-06 14:53:22,930 [WARN] PackLoader:240 - Cannot read IP mode file for STMicroelectronics.X-CUBE-AZRTOS-L5.1.0.0
2023-06-06 14:53:22,958 [WARN] PackLoader:240 - Cannot read IP mode file for STMicroelectronics.X-CUBE-EEPRMA1.3.1.1
2023-06-06 14:53:22,976 [WARN] PackLoader:240 - Cannot read IP mode file for STMicroelectronics.X-CUBE-GNSS1.5.2.0
2023-06-06 14:53:22,990 [WARN] PackLoader:240 - Cannot read IP mode file for STMicroelectronics.FP-ATR-ASTRA1.2.0.0
2023-06-06 14:53:23,009 [WARN] PackLoader:240 - Cannot read IP mode file for STMicroelectronics.X-CUBE-TOF1.3.0.0
2023-06-06 14:53:23,013 [INFO] ThirdParty:978 - Integrity check success = true
2023-06-06 14:53:23,014 [INFO] IntegrityCheckThread:100 - exiting critical section [integrity check]
2023-06-06 14:53:23,014 [INFO] IntegrityCheckThread:103 - End integrity checks thread
2023-06-06 14:53:23,015 [INFO] ThirdParty:873 - entering critical section [close project]
2023-06-06 14:53:23,016 [INFO] ThirdParty:883 - exiting critical section [close project]
2023-06-06 14:53:23,021 [INFO] PinOutPanel:1499 - setPackage(No Configuration,No Configuration)
2023-06-06 14:53:23,030 [INFO] UtilMem:75 - Begin LoadConfig() Used Memory: 459669456 Bytes (541065216)
2023-06-06 14:53:23,032 [INFO] MicroXplorer:468 - Change Database Path : 
2023-06-06 14:53:23,032 [INFO] MicroXplorer:498 - Change Database Version : DB.6.0.80
2023-06-06 14:53:23,033 [INFO] OpenFileManager:308 - Change cursor
2023-06-06 14:53:23,135 [INFO] Mcu:1937 - Initializing MCU STM32L051K(6-8)Tx STM32L051K8Tx STM32L051K8T6
2023-06-06 14:53:24,671 [INFO] Context:659 - Trying to add GPIOservice into a context  which must be forbidden
2023-06-06 14:53:25,506 [INFO] RtosManager:555 - Registered RTOS mode: class=CMSIS, group=RTOS, mode=CMSIS_V1, owner=FREERTOS
2023-06-06 14:53:25,507 [INFO] RtosManager:555 - Registered RTOS mode: class=CMSIS, group=RTOS2, mode=CMSIS_V2, owner=FREERTOS
2023-06-06 14:53:25,507 [INFO] RtosManager:555 - Registered RTOS mode: class=RTOS, group=Core, mode=CMSIS_V1, owner=FREERTOS
2023-06-06 14:53:25,507 [INFO] RtosManager:555 - Registered RTOS mode: class=RTOS, group=Core, mode=CMSIS_V2, owner=FREERTOS
2023-06-06 14:53:25,508 [WARN] ModelIntegratedComponent:184 - Missing modes for component STMicroelectronics:FreeRTOS:0.0.1:STMicroelectronics:RTOS:FreeRTOS:Core:::10.2.0:
2023-06-06 14:53:25,539 [WARN] ModelIntegratedComponent:63 - No mode defined for component null
2023-06-06 14:53:25,540 [WARN] ModelIntegratedComponent:63 - No mode defined for component null
2023-06-06 14:53:25,540 [WARN] ModelIntegratedComponent:63 - No mode defined for component null
2023-06-06 14:53:25,540 [WARN] ModelIntegratedComponent:63 - No mode defined for component null
2023-06-06 14:53:25,540 [WARN] ModelIntegratedComponent:63 - No mode defined for component null
2023-06-06 14:53:25,540 [WARN] ModelIntegratedComponent:63 - No mode defined for component null
2023-06-06 14:53:25,541 [WARN] ModelIntegratedComponent:63 - No mode defined for component null
2023-06-06 14:53:25,541 [WARN] ModelIntegratedComponent:63 - No mode defined for component null
2023-06-06 14:53:25,541 [WARN] ModelIntegratedComponent:63 - No mode defined for component null
2023-06-06 14:53:25,541 [WARN] ModelIntegratedComponent:63 - No mode defined for component null
2023-06-06 14:53:25,541 [WARN] ModelIntegratedComponent:63 - No mode defined for component null
2023-06-06 14:53:25,541 [WARN] ModelIntegratedComponent:63 - No mode defined for component null
2023-06-06 14:53:25,541 [WARN] ModelIntegratedComponent:63 - No mode defined for component null
2023-06-06 14:53:25,541 [WARN] ModelIntegratedComponent:63 - No mode defined for component null
2023-06-06 14:53:25,541 [WARN] ModelIntegratedComponent:63 - No mode defined for component null
2023-06-06 14:53:25,541 [WARN] ModelIntegratedComponent:63 - No mode defined for component null
2023-06-06 14:53:25,541 [WARN] ModelIntegratedComponent:63 - No mode defined for component null
2023-06-06 14:53:25,541 [WARN] ModelIntegratedComponent:63 - No mode defined for component null
2023-06-06 14:53:25,541 [WARN] ModelIntegratedComponent:63 - No mode defined for component null
2023-06-06 14:53:25,541 [WARN] ModelIntegratedComponent:63 - No mode defined for component null
2023-06-06 14:53:25,542 [WARN] ModelIntegratedComponent:63 - No mode defined for component null
2023-06-06 14:53:25,542 [WARN] ModelIntegratedComponent:63 - No mode defined for component null
2023-06-06 14:53:25,542 [WARN] ModelIntegratedComponent:63 - No mode defined for component null
2023-06-06 14:53:25,542 [WARN] ModelIntegratedComponent:63 - No mode defined for component null
2023-06-06 14:53:25,542 [WARN] ModelIntegratedComponent:63 - No mode defined for component null
2023-06-06 14:53:25,542 [WARN] ModelIntegratedComponent:63 - No mode defined for component null
2023-06-06 14:53:25,542 [WARN] ModelIntegratedComponent:63 - No mode defined for component null
2023-06-06 14:53:25,542 [WARN] ModelIntegratedComponent:63 - No mode defined for component null
2023-06-06 14:53:25,542 [WARN] ModelIntegratedComponent:63 - No mode defined for component null
2023-06-06 14:53:25,542 [WARN] ModelIntegratedComponent:63 - No mode defined for component null
2023-06-06 14:53:25,542 [WARN] ModelIntegratedComponent:63 - No mode defined for component null
2023-06-06 14:53:25,542 [WARN] ModelIntegratedComponent:63 - No mode defined for component null
2023-06-06 14:53:25,542 [WARN] ModelIntegratedComponent:63 - No mode defined for component null
2023-06-06 14:53:25,641 [INFO] ThirdPartyModel:298 - Start build external matchings
2023-06-06 14:53:26,485 [INFO] ThirdPartyModel:316 - End build external matchings
2023-06-06 14:53:26,543 [INFO] ImportTextPane:194 - (OptionalMessage_ERROR) IP (DMA) : Parameter (Instance) has Id (ADC) currently not set
2023-06-06 14:53:26,544 [INFO] ImportTextPane:194 - (OptionalMessage_ERROR) IP (DMA) : Parameter (Request) has Id (ADC) currently not set
2023-06-06 14:53:26,544 [INFO] ImportTextPane:194 - (OptionalMessage_ERROR) IP (DMA) : Parameter (Direction) has Id (ADC) currently not set
2023-06-06 14:53:26,544 [INFO] ImportTextPane:194 - (OptionalMessage_ERROR) IP (DMA) : Parameter (PeriphInc) has Id (ADC) currently not set
2023-06-06 14:53:26,544 [INFO] ImportTextPane:194 - (OptionalMessage_ERROR) IP (DMA) : Parameter (MemInc) has Id (ADC) currently not set
2023-06-06 14:53:26,545 [INFO] ImportTextPane:194 - (OptionalMessage_ERROR) IP (DMA) : Parameter (PeriphDataAlignment) has Id (ADC) currently not set
2023-06-06 14:53:26,545 [INFO] ImportTextPane:194 - (OptionalMessage_ERROR) IP (DMA) : Parameter (MemDataAlignment) has Id (ADC) currently not set
2023-06-06 14:53:26,545 [INFO] ImportTextPane:194 - (OptionalMessage_ERROR) IP (DMA) : Parameter (Mode) has Id (ADC) currently not set
2023-06-06 14:53:26,545 [INFO] ImportTextPane:194 - (OptionalMessage_ERROR) IP (DMA) : Parameter (Priority) has Id (ADC) currently not set
2023-06-06 14:53:26,857 [INFO] UtilMem:75 - End LoadConfig() Used Memory: 461842072 Bytes (563085312)
2023-06-06 14:53:27,035 [INFO] ApiDb:581 - Connected to CubeFinder SQLite database (C:\Users\jasie\.stmcufinder\plugins\mcufinder\mcu\cube-finder-db.db)
2023-06-06 14:53:27,152 [INFO] ApiDb:668 - CubeFinder database Data Model version=2.1
2023-06-06 14:53:27,152 [INFO] ApiDb:669 - CubeFinder database Configuration version=3.0.35
2023-06-06 14:53:27,152 [INFO] ApiDb:670 - CubeFinder database generation date=2023-05-12 (1683877179)
2023-06-06 14:53:27,152 [INFO] ApiDb:671 - CubeFinder database FW Pack versions=[FP-ATR-ASTRA1_V2.0.0, FP-SNS-FLIGHT1_V5.0.0, FP-SNS-MOTENV1_V4.3.0, STM32Cube_FW_C0_V1.0.1, STM32Cube_FW_F0_V1.11.4, STM32Cube_FW_F3_V1.11.4, STM32Cube_FW_F4_V1.27.1, STM32Cube_FW_F7_V1.17.0, STM32Cube_FW_G0_V1.6.1, STM32Cube_FW_G4_V1.5.1, STM32Cube_FW_H5_V0.5.1, STM32Cube_FW_H5_V1.0.0, STM32Cube_FW_H7_V1.11.0, STM32Cube_FW_L0_V1.12.2, STM32Cube_FW_L5_V1.5.0, STM32Cube_FW_U5_V1.2.0, STM32Cube_FW_WBA_V1.0.0, STM32Cube_FW_WBA_V1.0.0RC1, STM32Cube_FW_WBA_V1.0.0RC3, STM32Cube_FW_WB_V1.15.0RC1, STM32Cube_FW_WB_V1.16.0, STM32Cube_FW_WB_V1.16.0RC2, STM32Cube_FW_WL_V1.3.0, X-CUBE-ALGOBUILD_V1.3.0, X-CUBE-ALS_V1.0.1, X-CUBE-AZRTOS-F4_V1.1.0, X-CUBE-AZRTOS-F7_V1.1.0, X-CUBE-AZRTOS-G0_V1.1.0, X-CUBE-AZRTOS-G4_V2.0.0, X-CUBE-AZRTOS-H7_V3.1.0, X-CUBE-AZRTOS-L4_V1.0.0, X-CUBE-AZRTOS-L5_V1.1.0, X-CUBE-AZRTOS-WB_V1.1.0, X-CUBE-AZRTOS-WL_V1.0.0, X-CUBE-BLE1_V6.2.4, X-CUBE-BLE2_V3.3.0, X-CUBE-BLEMGR_V2.0.0, X-CUBE-EEPRMA1_V4.1.0, X-CUBE-FREERTOS_V1.0.1, X-CUBE-GNSS1_V6.0.0, X-CUBE-MEMS1_V9.1.0, X-CUBE-MEMS1_V9.4.0, X-CUBE-MEMS1_V9.6.0, X-CUBE-NFC4_V3.0.0, X-CUBE-NFC7_V1.0.0, X-CUBE-SFXS2LP1_V4.0.0, X-CUBE-SUBG2_V5.0.0]
2023-06-06 14:53:30,007 [INFO] ApiDb:240 - Found 297 in-development CPN: [B-G473E-ZEST1S, B-WB1M-WPAN1, B-WL5M-SUBG1, NUCLEO-C031C6, NUCLEO-H503RB, NUCLEO-H563ZI, NUCLEO-U545RE-Q, NUCLEO-U5A5ZJ-Q, NUCLEO-WBA52CG, STEVAL-PROTEUS1, STEVAL-STWINBX1, STM320518-EVAL, STM32C0116-DK, STM32C011D6Y3TR, STM32C011D6Y6TR, STM32C011F4P3, STM32C011F4P6, STM32C011F4U3, STM32C011F4U6TR, STM32C011F6P3, STM32C011F6P6, STM32C011F6U3, STM32C011F6U6TR, STM32C011J4M3, STM32C011J4M6, STM32C011J6M3, STM32C011J6M6, STM32C0316-DK, STM32C031C4T3, STM32C031C4T6, STM32C031C4U3, STM32C031C4U6, STM32C031C6T3, STM32C031C6T6, STM32C031C6U3, STM32C031C6U6, STM32C031F4P3, STM32C031F4P6, STM32C031F6P3, STM32C031F6P6, STM32C031G4U3, STM32C031G4U6, STM32C031G6U3, STM32C031G6U6, STM32C031K4T3, STM32C031K4T6, STM32C031K4U3, STM32C031K4U6, STM32C031K6T3, STM32C031K6T6, STM32C031K6U3, STM32C031K6U6, STM32G071K8TXN, STM32G071K8UXN, STM32G081GBU6N, STM32G081KBT6N, STM32G081KBUXN, STM32G0B1CCT6N, STM32G0B1KCT6, STM32G0B1NEY6TR, STM32G0B1RCT6N, STM32G0C1CCT6, STM32G0C1CCT6N, STM32G0C1CCU6N, STM32G0C1CET6N, STM32G0C1CEU6N, STM32G0C1KCT6, STM32G0C1NEY6TR, STM32G0C1RCI6N, STM32G0C1RCT6N, STM32G0C1REI6N, STM32G0C1RET6N, STM32G0C1VCI6, STM32G0C1VEI6, STM32G471CCT6, STM32G471CCU6, STM32G471CET3, STM32G471CET6, STM32G471CEU3, STM32G471CEU6, STM32G471MCT6, STM32G471MET3, STM32G471MET6, STM32G471MEY6TR, STM32G471QCT6, STM32G471QET3, STM32G471RCT6, STM32G471RET3, STM32G471RET6, STM32G471VCH6, STM32G471VCI6, STM32G471VCT6, STM32G471VEH3, STM32G471VEH6, STM32G471VEI3, STM32G471VEI6, STM32G471VET3, STM32G471VET6, STM32G474CCT6, STM32H503CBT6, STM32H503CBU6, STM32H503EBY6TR, STM32H503KBU6, STM32H503RBT6, STM32H562AGI6, STM32H562AII6, STM32H562IGK6, STM32H562IGT6, STM32H562IIK6, STM32H562IIT6, STM32H562RGT6, STM32H562RGV6, STM32H562RIT6, STM32H562RIV6, STM32H562VGT6, STM32H562VIT6, STM32H562ZGT6, STM32H562ZIT6, STM32H563AGI6, STM32H563AII3Q, STM32H563AII6, STM32H563IGK6, STM32H563IGT6, STM32H563IIK3Q, STM32H563IIK6, STM32H563IIT3Q, STM32H563IIT6, STM32H563MIY3QTR, STM32H563RGT6, STM32H563RGV6, STM32H563RIT6, STM32H563RIV6, STM32H563VGT6, STM32H563VIT3Q, STM32H563VIT6, STM32H563ZGT6, STM32H563ZIT3Q, STM32H563ZIT6, STM32H573AII3Q, STM32H573AII6, STM32H573I-DK, STM32H573IIK3Q, STM32H573IIK6, STM32H573IIT3Q, STM32H573IIT6, STM32H573MIY3QTR, STM32H573RIT6, STM32H573RIV6, STM32H573VIT3Q, STM32H573VIT6, STM32H573ZIT3Q, STM32H573ZIT6, STM32L4R5QGI6STR, STM32MP131AAE3, STM32MP131AAF3, STM32MP131AAG3, STM32MP131CAE3, STM32MP131CAF3, STM32MP131CAG3, STM32MP131DAE7, STM32MP131DAF7, STM32MP131DAG7, STM32MP131FAE7, STM32MP131FAF7, STM32MP131FAG7, STM32MP133AAE3, STM32MP133AAF3, STM32MP133AAG3, STM32MP133CAE3, STM32MP133CAF3, STM32MP133CAG3, STM32MP133DAE7, STM32MP133DAF7, STM32MP133DAG7, STM32MP133FAE7, STM32MP133FAF7, STM32MP133FAG7, STM32MP135AAE3, STM32MP135AAF3, STM32MP135AAG3, STM32MP135CAE3, STM32MP135CAF3, STM32MP135CAG3, STM32MP135DAE7, STM32MP135DAF7, STM32MP135DAG7, STM32MP135F-DK, STM32MP135FAE7, STM32MP135FAF7, STM32MP135FAF7T, STM32MP135FAF7U, STM32MP135FAG7, STM32U535CBT6, STM32U535CBT6Q, STM32U535CBU6, STM32U535CBU6Q, STM32U535CCT6, STM32U535CCT6Q, STM32U535CCU6, STM32U535CCU6Q, STM32U535CET6, STM32U535CET6Q, STM32U535CEU6, STM32U535CEU6Q, STM32U535JEY6QTR, STM32U535NCY6QTR, STM32U535NEY6QTR, STM32U535RBI6, STM32U535RBI6Q, STM32U535RBT6, STM32U535RBT6Q, STM32U535RCI6, STM32U535RCI6Q, STM32U535RCT6, STM32U535RCT6Q, STM32U535REI6, STM32U535REI6Q, STM32U535RET6, STM32U535RET6Q, STM32U535VCI6, STM32U535VCI6Q, STM32U535VCT6, STM32U535VCT6Q, STM32U535VEI6, STM32U535VEI6Q, STM32U535VET6, STM32U535VET6Q, STM32U545CET6, STM32U545CET6Q, STM32U545CEU6, STM32U545CEU6Q, STM32U545JEY6QTR, STM32U545NEY6QTR, STM32U545REI6, STM32U545REI6Q, STM32U545RET6, STM32U545RET6Q, STM32U545VEI6, STM32U545VEI6Q, STM32U545VET6, STM32U545VET6Q, STM32U595AIH6, STM32U595AIH6Q, STM32U595AJH6, STM32U595AJH6Q, STM32U595QII6, STM32U595QII6Q, STM32U595QJI6, STM32U595QJI6Q, STM32U595RIT6, STM32U595RIT6Q, STM32U595RJT6, STM32U595RJT6Q, STM32U595VIT6, STM32U595VIT6Q, STM32U595VJT6, STM32U595VJT6Q, STM32U595ZIT6, STM32U595ZIT6Q, STM32U595ZIY6QTR, STM32U595ZJT6, STM32U595ZJT6Q, STM32U595ZJY6QTR, STM32U599BJY6QTR, STM32U599NIH6Q, STM32U599NJH6Q, STM32U599VIT6Q, STM32U599VJT6, STM32U599VJT6Q, STM32U599ZIT6Q, STM32U599ZIY6QTR, STM32U599ZJT6Q, STM32U599ZJY6QTR, STM32U5A5AJH6, STM32U5A5AJH6Q, STM32U5A5QJI6, STM32U5A5QJI6Q, STM32U5A5RJT6, STM32U5A5RJT6Q, STM32U5A5VJT6, STM32U5A5VJT6Q, STM32U5A5ZJT6, STM32U5A5ZJT6Q, STM32U5A5ZJY6QTR, STM32U5A9BJY6QTR, STM32U5A9J-DK, STM32U5A9NJH6Q, STM32U5A9VJT6Q, STM32U5A9ZJT6Q, STM32U5A9ZJY6QTR, STM32WB1MMCH6, STM32WBA52CEU6, STM32WBA52CEU6T, STM32WBA52CGU6, STM32WBA52CGU6T, STM32WL5MOCH6, STM32WL5MOCH6TR]
2023-06-06 14:53:30,012 [INFO] DbMcus:216 - Found 3775 MCUs, 3775 are supported
2023-06-06 14:53:30,015 [INFO] ApiDb:423 - Load user favorites file C:\Users\jasie/.stm32cubeide/favorites.mcus.txt: 0 item(s)
2023-06-06 14:53:30,015 [INFO] ApiDb:427 - User favorites MCUs=[]
2023-06-06 14:53:30,016 [INFO] DbMcus:222 - Set 0 / 0 favorites MCUs
2023-06-06 14:53:30,551 [WARN] ThirdParty:833 - waiting for thirdparty lock release [change project]
2023-06-06 14:53:30,552 [INFO] ThirdParty:835 - entering critical section [change project]
2023-06-06 14:53:30,552 [INFO] ThirdParty:1030 - CMSIS Pack Vendor :STMicroelectronics X-CUBE-ISPU 1.1.0
2023-06-06 14:53:30,552 [INFO] ThirdParty:1030 - CMSIS Pack Vendor :RoweBots I-CUBE-UNISONRTOS 5.5.0-4
2023-06-06 14:53:30,552 [INFO] ThirdParty:1030 - CMSIS Pack Vendor :STMicroelectronics X-CUBE-GNSS1 6.0.0
2023-06-06 14:53:30,553 [INFO] ThirdParty:1030 - CMSIS Pack Vendor :STMicroelectronics X-CUBE-AZRTOS-H7 2.1.0
2023-06-06 14:53:30,553 [INFO] ThirdParty:1030 - CMSIS Pack Vendor :STMicroelectronics USB_HOST 2.0.0
2023-06-06 14:53:30,553 [INFO] ThirdParty:1030 - CMSIS Pack Vendor :STMicroelectronics X-CUBE-AZRTOS-F4 1.1.0
2023-06-06 14:53:30,553 [INFO] ThirdParty:1030 - CMSIS Pack Vendor :STMicroelectronics LIBJPEG 8.0.0
2023-06-06 14:53:30,553 [INFO] ThirdParty:1030 - CMSIS Pack Vendor :STMicroelectronics X-CUBE-SMBUS 2.1.0
2023-06-06 14:53:30,553 [INFO] ThirdParty:1030 - CMSIS Pack Vendor :STMicroelectronics USB_DEVICE 3.0.0
2023-06-06 14:53:30,553 [INFO] ThirdParty:1030 - CMSIS Pack Vendor :STMicroelectronics X-CUBE-AI 8.0.0
2023-06-06 14:53:30,553 [INFO] ThirdParty:1030 - CMSIS Pack Vendor :STMicroelectronics X-CUBE-FREERTOS 1.0.0
2023-06-06 14:53:30,553 [INFO] ThirdParty:1030 - CMSIS Pack Vendor :STMicroelectronics X-CUBE-FREERTOS 1.0.1
2023-06-06 14:53:30,553 [INFO] ThirdParty:1030 - CMSIS Pack Vendor :STMicroelectronics X-CUBE-TOUCHGFX 4.21.1
2023-06-06 14:53:30,554 [INFO] ThirdParty:1030 - CMSIS Pack Vendor :STMicroelectronics X-CUBE-TOUCHGFX 4.21.3
2023-06-06 14:53:30,554 [INFO] ThirdParty:1030 - CMSIS Pack Vendor :STMicroelectronics X-CUBE-MEMS1 9.2.0
2023-06-06 14:53:30,554 [INFO] ThirdParty:1030 - CMSIS Pack Vendor :STMicroelectronics X-CUBE-AZRTOS-F7 1.1.0
2023-06-06 14:53:30,554 [INFO] ThirdParty:1030 - CMSIS Pack Vendor :STMicroelectronics X-CUBE-TOUCHGFX 4.21.4
2023-06-06 14:53:30,554 [INFO] ThirdParty:1030 - CMSIS Pack Vendor :STMicroelectronics USB_DEVICE 2.0.0
2023-06-06 14:53:30,554 [INFO] ThirdParty:1030 - CMSIS Pack Vendor :STMicroelectronics X-CUBE-MEMS1 9.6.0
2023-06-06 14:53:30,554 [INFO] ThirdParty:1030 - CMSIS Pack Vendor :STMicroelectronics X-CUBE-AI 7.1.0
2023-06-06 14:53:30,554 [INFO] ThirdParty:1030 - CMSIS Pack Vendor :STMicroelectronics X-CUBE-TOUCHGFX 4.19.1
2023-06-06 14:53:30,554 [INFO] ThirdParty:1030 - CMSIS Pack Vendor :STMicroelectronics FP-SNS-MOTENV1 4.3.0
2023-06-06 14:53:30,554 [INFO] ThirdParty:1030 - CMSIS Pack Vendor :STMicroelectronics FP-SNS-FLIGHT1 5.0.0
2023-06-06 14:53:30,554 [INFO] ThirdParty:1030 - CMSIS Pack Vendor :STMicroelectronics FP-SNS-MOTENV1 4.3.1
2023-06-06 14:53:30,554 [INFO] ThirdParty:1030 - CMSIS Pack Vendor :STMicroelectronics FP-SNS-FLIGHT1 5.0.1
2023-06-06 14:53:30,556 [INFO] ThirdParty:1030 - CMSIS Pack Vendor :STMicroelectronics X-CUBE-BLE1 6.2.3
2023-06-06 14:53:30,556 [INFO] ThirdParty:1030 - CMSIS Pack Vendor :STMicroelectronics X-CUBE-ALGOBUILD 1.3.0
2023-06-06 14:53:30,556 [INFO] ThirdParty:1030 - CMSIS Pack Vendor :STMicroelectronics X-CUBE-BLE1 6.2.4
2023-06-06 14:53:30,556 [INFO] ThirdParty:1030 - CMSIS Pack Vendor :STMicroelectronics X-CUBE-AZRTOS-L5 1.1.0
2023-06-06 14:53:30,556 [INFO] ThirdParty:1030 - CMSIS Pack Vendor :STMicroelectronics FreeRTOS 0.0.1
2023-06-06 14:53:30,556 [INFO] ThirdParty:1030 - CMSIS Pack Vendor :STMicroelectronics X-CUBE-AZRTOS-G0 1.1.0
2023-06-06 14:53:30,556 [INFO] ThirdParty:1030 - CMSIS Pack Vendor :STMicroelectronics X-CUBE-BLEMGR 2.0.0
2023-06-06 14:53:30,556 [INFO] ThirdParty:1030 - CMSIS Pack Vendor :STMicroelectronics X-CUBE-AI 8.0.1
2023-06-06 14:53:30,556 [INFO] ThirdParty:1030 - CMSIS Pack Vendor :STMicroelectronics X-CUBE-SUBG2 5.0.0
2023-06-06 14:53:30,556 [INFO] ThirdParty:1030 - CMSIS Pack Vendor :STMicroelectronics X-CUBE-NFC4 3.0.0
2023-06-06 14:53:30,556 [INFO] ThirdParty:1030 - CMSIS Pack Vendor :SEGGER I-CUBE-embOS 1.2.0
2023-06-06 14:53:30,556 [INFO] ThirdParty:1030 - CMSIS Pack Vendor :STMicroelectronics STM32_WPAN 1.0.0
2023-06-06 14:53:30,556 [INFO] ThirdParty:1030 - CMSIS Pack Vendor :STMicroelectronics lwIP 2.0.3
2023-06-06 14:53:30,557 [INFO] ThirdParty:1030 - CMSIS Pack Vendor :STMicroelectronics X-CUBE-NFC4 2.0.4
2023-06-06 14:53:30,557 [INFO] ThirdParty:1030 - CMSIS Pack Vendor :STMicroelectronics X-CUBE-BLE2 3.2.2
2023-06-06 14:53:30,557 [INFO] ThirdParty:1030 - CMSIS Pack Vendor :STMicroelectronics USB_HOST 1.0.0
2023-06-06 14:53:30,557 [INFO] ThirdParty:1030 - CMSIS Pack Vendor :STMicroelectronics X-CUBE-AZRTOS-G4 2.0.0
2023-06-06 14:53:30,557 [INFO] ThirdParty:1030 - CMSIS Pack Vendor :STMicroelectronics PDM2PCM 3.1.0
2023-06-06 14:53:30,557 [INFO] ThirdParty:1030 - CMSIS Pack Vendor :STMicroelectronics X-CUBE-AZRTOS-H7 3.1.0
2023-06-06 14:53:30,557 [INFO] ThirdParty:1030 - CMSIS Pack Vendor :STMicroelectronics X-CUBE-TOF1 3.3.0
2023-06-06 14:53:30,557 [INFO] ThirdParty:1030 - CMSIS Pack Vendor :STMicroelectronics FP-ATR-ASTRA1 1.1.1
2023-06-06 14:53:30,557 [INFO] ThirdParty:1030 - CMSIS Pack Vendor :STMicroelectronics PDM2PCM 3.3.0
2023-06-06 14:53:30,557 [INFO] ThirdParty:1030 - CMSIS Pack Vendor :STMicroelectronics X-CUBE-SFXS2LP1 3.1.0
2023-06-06 14:53:30,558 [INFO] ThirdParty:1030 - CMSIS Pack Vendor :STMicroelectronics X-CUBE-DISPLAY 3.0.0
2023-06-06 14:53:30,558 [INFO] ThirdParty:1030 - CMSIS Pack Vendor :STMicroelectronics X-CUBE-AZRTOS-F4 1.0.0
2023-06-06 14:53:30,558 [INFO] ThirdParty:1030 - CMSIS Pack Vendor :STMicroelectronics X-CUBE-AZRTOS-G4 1.0.0
2023-06-06 14:53:30,558 [INFO] ThirdParty:1030 - CMSIS Pack Vendor :STMicroelectronics FP-ATR-SIGFOX1 3.2.0
2023-06-06 14:53:30,558 [INFO] ThirdParty:1030 - CMSIS Pack Vendor :wolfSSL I-CUBE-wolfSSL 5.5.4
2023-06-06 14:53:30,558 [INFO] ThirdParty:1030 - CMSIS Pack Vendor :STMicroelectronics X-CUBE-AZRTOS-L4 1.0.0
2023-06-06 14:53:30,559 [INFO] ThirdParty:1030 - CMSIS Pack Vendor :STMicroelectronics HAL Drivers 0.0.0
2023-06-06 14:53:30,559 [INFO] ThirdParty:1030 - CMSIS Pack Vendor :STMicroelectronics MBEDTLS 2.16.2
2023-06-06 14:53:30,559 [INFO] ThirdParty:1030 - CMSIS Pack Vendor :emotas I-CUBE-CANOPEN 1.1.2
2023-06-06 14:53:30,559 [INFO] ThirdParty:1030 - CMSIS Pack Vendor :STMicroelectronics MBEDTLS 2.14.1
2023-06-06 14:53:30,559 [INFO] ThirdParty:1030 - CMSIS Pack Vendor :STMicroelectronics X-CUBE-NFC7 1.0.0
2023-06-06 14:53:30,559 [INFO] ThirdParty:1030 - CMSIS Pack Vendor :STMicroelectronics X-CUBE-AZRTOS-F7 1.0.0
2023-06-06 14:53:30,559 [INFO] ThirdParty:1030 - CMSIS Pack Vendor :STMicroelectronics X-CUBE-AZRTOS-WL 1.0.0
2023-06-06 14:53:30,559 [INFO] ThirdParty:1030 - CMSIS Pack Vendor :STMicroelectronics X-CUBE-EEPRMA1 4.1.0
2023-06-06 14:53:30,560 [INFO] ThirdParty:1030 - CMSIS Pack Vendor :portGmbH I-Cube-SoM-uGOAL 1.1.0
2023-06-06 14:53:30,560 [INFO] ThirdParty:1030 - CMSIS Pack Vendor :STMicroelectronics X-CUBE-ALS 1.0.1
2023-06-06 14:53:30,560 [INFO] ThirdParty:1030 - CMSIS Pack Vendor :STMicroelectronics X-CUBE-MEMS1 9.5.0
2023-06-06 14:53:30,560 [INFO] ThirdParty:1030 - CMSIS Pack Vendor :STMicroelectronics ThreadX 1.0.0
2023-06-06 14:53:30,560 [INFO] ThirdParty:1030 - CMSIS Pack Vendor :STMicroelectronics X-CUBE-AZRTOS-WB 1.1.0
2023-06-06 14:53:30,560 [INFO] ThirdParty:1030 - CMSIS Pack Vendor :STMicroelectronics X-CUBE-AZRTOS-WL 2.0.0
2023-06-06 14:53:30,560 [INFO] ThirdParty:1030 - CMSIS Pack Vendor :SEGGER I-CUBE-embOS 1.3.1
2023-06-06 14:53:30,561 [INFO] ThirdParty:1030 - CMSIS Pack Vendor :STMicroelectronics X-CUBE-AZRTOS-L5 1.0.0
2023-06-06 14:53:30,561 [INFO] ThirdParty:1030 - CMSIS Pack Vendor :STMicroelectronics USB_DEVICE 1.0.0
2023-06-06 14:53:30,561 [INFO] ThirdParty:1030 - CMSIS Pack Vendor :STMicroelectronics X-CUBE-AZRTOS-G0 1.0.0
2023-06-06 14:53:30,561 [INFO] ThirdParty:1030 - CMSIS Pack Vendor :STMicroelectronics X-CUBE-EEPRMA1 3.1.1
2023-06-06 14:53:30,561 [INFO] ThirdParty:1030 - CMSIS Pack Vendor :STMicroelectronics X-CUBE-AZRTOS-L4 2.0.0
2023-06-06 14:53:30,561 [INFO] ThirdParty:1030 - CMSIS Pack Vendor :STMicroelectronics X-CUBE-GNSS1 5.2.0
2023-06-06 14:53:30,561 [INFO] ThirdParty:1030 - CMSIS Pack Vendor :STMicroelectronics ThreadX 0.0.2
2023-06-06 14:53:30,561 [INFO] ThirdParty:1030 - CMSIS Pack Vendor :WES I-CUBE-Cesium 1.3.0
2023-06-06 14:53:30,561 [INFO] ThirdParty:1030 - CMSIS Pack Vendor :STMicroelectronics FP-ATR-ASTRA1 2.0.0
2023-06-06 14:53:30,562 [INFO] ThirdParty:1030 - CMSIS Pack Vendor :STMicroelectronics lwIP 2.1.2
2023-06-06 14:53:30,562 [INFO] ThirdParty:1030 - CMSIS Pack Vendor :STMicroelectronics X-CUBE-SFXS2LP1 4.0.0
2023-06-06 14:53:30,562 [INFO] ThirdParty:1030 - CMSIS Pack Vendor :STMicroelectronics X-CUBE-BLE2 3.3.0
2023-06-06 14:53:30,562 [INFO] ThirdParty:1030 - CMSIS Pack Vendor :STMicroelectronics X-CUBE-DISPLAY 2.2.0
2023-06-06 14:53:30,562 [INFO] ThirdParty:1030 - CMSIS Pack Vendor :STMicroelectronics X-CUBE-TOF1 3.2.0
2023-06-06 14:53:30,562 [INFO] ThirdParty:1030 - CMSIS Pack Vendor :STMicroelectronics PDM2PCM 3.2.0
2023-06-06 14:53:30,562 [INFO] ThirdParty:1030 - CMSIS Pack Vendor :STMicroelectronics X-CUBE-AZRTOS-H7 3.0.0
2023-06-06 14:53:30,562 [INFO] ThirdParty:1030 - CMSIS Pack Vendor :STMicroelectronics X-CUBE-TOF1 3.0.0
2023-06-06 14:53:30,562 [INFO] ThirdParty:841 - exiting critical section [change project]
2023-06-06 14:53:31,085 [INFO] PinOutPanel:1499 - setPackage(No Configuration,No Configuration)
2023-06-06 14:53:31,087 [INFO] PinOutPanel:1499 - setPackage(STM32L051K8Tx,LQFP32)
2023-06-06 14:53:32,235 [INFO] UtilMem:75 - Before build in PCC Used Memory: 480336072 Bytes (563085312)
2023-06-06 14:53:33,705 [INFO] UtilMem:75 - After build in PCC Used Memory: 472433240 Bytes (563085312)
2023-06-06 14:53:33,742 [INFO] IPUIPlugin:80 - create IPUIPlugin
2023-06-06 14:53:33,743 [INFO] IPUIPlugin:80 - create IPUIPlugin
2023-06-06 14:53:33,743 [INFO] IPUIPlugin:80 - create IPUIPlugin
2023-06-06 14:53:33,743 [INFO] IPUIPlugin:80 - create IPUIPlugin
2023-06-06 14:53:33,744 [INFO] IPUIPlugin:80 - create IPUIPlugin
2023-06-06 14:53:33,744 [INFO] IPUIPlugin:80 - create IPUIPlugin
2023-06-06 14:53:33,744 [INFO] IPUIPlugin:80 - create IPUIPlugin
2023-06-06 14:53:33,744 [INFO] IPUIPlugin:80 - create IPUIPlugin
2023-06-06 14:53:33,744 [INFO] IPUIPlugin:80 - create IPUIPlugin
2023-06-06 14:53:33,745 [INFO] IPUIPlugin:80 - create IPUIPlugin
2023-06-06 14:53:33,745 [INFO] IPUIPlugin:80 - create IPUIPlugin
2023-06-06 14:53:33,745 [INFO] IPUIPlugin:80 - create IPUIPlugin
2023-06-06 14:53:33,746 [INFO] IPUIPlugin:80 - create IPUIPlugin
2023-06-06 14:53:33,746 [INFO] IPUIPlugin:80 - create IPUIPlugin
2023-06-06 14:53:33,746 [INFO] IPUIPlugin:80 - create IPUIPlugin
2023-06-06 14:53:33,748 [INFO] IPUIPlugin:80 - create IPUIPlugin
2023-06-06 14:53:33,748 [INFO] IPUIPlugin:80 - create IPUIPlugin
2023-06-06 14:53:33,748 [INFO] IPUIPlugin:80 - create IPUIPlugin
2023-06-06 14:53:33,749 [INFO] IPUIPlugin:80 - create IPUIPlugin
2023-06-06 14:53:33,749 [INFO] IPUIPlugin:80 - create IPUIPlugin
2023-06-06 14:53:33,749 [INFO] IPUIPlugin:80 - create IPUIPlugin
2023-06-06 14:53:33,750 [INFO] IPUIPlugin:80 - create IPUIPlugin
2023-06-06 14:53:33,750 [INFO] IPUIPlugin:80 - create IPUIPlugin
2023-06-06 14:53:34,119 [INFO] CADModel:165 - CPN selected for project levelSTM32L051K8T6
2023-06-06 14:53:34,119 [INFO] CADModel:114 - Register for checkConnection events
2023-06-06 14:53:34,206 [INFO] OpenFileManager:328 - Restore cursor
2023-06-06 14:53:55,002 [INFO] NvicIntPanel:101 - NVIC parent = com.st.microxplorer.plugins.ip.nvic.MultiNvicIntPanel[,0,0,0x0,invalid,layout=javax.swing.BoxLayout,alignmentX=0.0,alignmentY=0.0,border=,flags=9,maximumSize=,minimumSize=,preferredSize=]
2023-06-06 14:53:58,239 [INFO] NvicIntPanel:101 - NVIC parent = com.st.microxplorer.plugins.ip.nvic.MultiNvicIntPanel[,0,0,0x0,invalid,layout=javax.swing.BoxLayout,alignmentX=0.0,alignmentY=0.0,border=,flags=9,maximumSize=,minimumSize=,preferredSize=]
2023-06-06 14:55:36,133 [INFO] NvicIntPanel:101 - NVIC parent = com.st.microxplorer.plugins.ip.nvic.MultiNvicIntPanel[,0,0,0x0,invalid,layout=javax.swing.BoxLayout,alignmentX=0.0,alignmentY=0.0,border=,flags=9,maximumSize=,minimumSize=,preferredSize=]
2023-06-06 14:56:03,025 [INFO] NvicIntPanel:101 - NVIC parent = com.st.microxplorer.plugins.ip.nvic.MultiNvicIntPanel[,0,0,0x0,invalid,layout=javax.swing.BoxLayout,alignmentX=0.0,alignmentY=0.0,border=,flags=9,maximumSize=,minimumSize=,preferredSize=]
2023-06-06 14:56:18,058 [INFO] NvicIntPanel:101 - NVIC parent = com.st.microxplorer.plugins.ip.nvic.MultiNvicIntPanel[,0,0,0x0,invalid,layout=javax.swing.BoxLayout,alignmentX=0.0,alignmentY=0.0,border=,flags=9,maximumSize=,minimumSize=,preferredSize=]
2023-06-06 14:56:20,947 [INFO] UtilMem:75 - End SaveConfig() Used Memory: 480477208 Bytes (984612864)
2023-06-06 14:56:23,928 [INFO] UtilMem:75 - End SaveConfig() Used Memory: 500335912 Bytes (984612864)
2023-06-06 14:56:26,673 [INFO] UtilMem:75 - End SaveConfig() Used Memory: 571800448 Bytes (984612864)
2023-06-06 14:56:27,771 [INFO] BlockDiagram:2759 - set Specific Code input for plugin: ADC
2023-06-06 14:56:27,771 [INFO] BlockDiagram:2759 - set Specific Code input for plugin: RTC
2023-06-06 14:56:27,771 [INFO] BlockDiagram:2759 - set Specific Code input for plugin: SPI
2023-06-06 14:56:27,771 [INFO] BlockDiagram:2759 - set Specific Code input for plugin: NVIC
2023-06-06 14:56:27,772 [INFO] BlockDiagram:2759 - set Specific Code input for plugin: GPIO
2023-06-06 14:56:27,772 [INFO] BlockDiagram:2759 - set Specific Code input for plugin: USART
2023-06-06 14:56:27,773 [INFO] BlockDiagram:2759 - set Specific Code input for plugin: RCC
2023-06-06 14:56:27,773 [INFO] BlockDiagram:2759 - set Specific Code input for plugin: DMA
2023-06-06 14:56:27,773 [INFO] BlockDiagram:2759 - set Specific Code input for plugin: TIM6_7L0
2023-06-06 14:56:27,776 [INFO] CodeGenerator:793 - code generatio: config db path: C:\ST\STM32CubeIDE_1.12.0\STM32CubeIDE\plugins\com.st.stm32cube.common.mx_6.8.0.202302231600\\db\
2023-06-06 14:56:28,493 [INFO] CodeEngine:255 - oldGeneratedFile, C:\Users\jasie\STM32CubeIDE\BMa\SweetDreams\MXTmpFiles\license.tmp_save
2023-06-06 14:56:29,166 [INFO] CodeEngine:279 - Generated code: C:\Users\jasie\STM32CubeIDE\BMa\SweetDreams\MXTmpFiles\license.tmp
2023-06-06 14:56:29,442 [INFO] CodeEngine:255 - oldGeneratedFile, C:\Users\jasie\STM32CubeIDE\BMa\SweetDreams\MXTmpFiles\gpio.tmp_save
2023-06-06 14:56:29,741 [INFO] CodeEngine:279 - Generated code: C:\Users\jasie\STM32CubeIDE\BMa\SweetDreams\MXTmpFiles\gpio.tmp
2023-06-06 14:56:30,586 [INFO] CodeEngine:255 - oldGeneratedFile, C:\Users\jasie\STM32CubeIDE\BMa\SweetDreams\MXTmpFiles\dma.tmp_save
2023-06-06 14:56:30,781 [INFO] CodeEngine:279 - Generated code: C:\Users\jasie\STM32CubeIDE\BMa\SweetDreams\MXTmpFiles\dma.tmp
2023-06-06 14:56:30,795 [INFO] CodeEngine:255 - oldGeneratedFile, C:\Users\jasie\STM32CubeIDE\BMa\SweetDreams\MXTmpFiles\dma_GV.tmp_save
2023-06-06 14:56:31,004 [INFO] CodeEngine:279 - Generated code: C:\Users\jasie\STM32CubeIDE\BMa\SweetDreams\MXTmpFiles\dma_GV.tmp
2023-06-06 14:56:31,044 [INFO] CodeEngine:255 - oldGeneratedFile, C:\Users\jasie\STM32CubeIDE\BMa\SweetDreams\Core\Src\stm32l0xx_it.c_save
2023-06-06 14:56:31,281 [INFO] CodeEngine:279 - Generated code: C:\Users\jasie\STM32CubeIDE\BMa\SweetDreams\Core\Src\stm32l0xx_it.c
2023-06-06 14:56:31,303 [INFO] CodeEngine:255 - oldGeneratedFile, C:\Users\jasie\STM32CubeIDE\BMa\SweetDreams\Core\Inc\stm32l0xx_it.h_save
2023-06-06 14:56:31,436 [INFO] CodeEngine:279 - Generated code: C:\Users\jasie\STM32CubeIDE\BMa\SweetDreams\Core\Inc\stm32l0xx_it.h
2023-06-06 14:56:31,559 [INFO] CodeEngine:255 - oldGeneratedFile, C:\Users\jasie\STM32CubeIDE\BMa\SweetDreams\Core\Src\stm32l0xx_hal_msp.c_save
2023-06-06 14:56:31,814 [INFO] CodeEngine:279 - Generated code: C:\Users\jasie\STM32CubeIDE\BMa\SweetDreams\Core\Src\stm32l0xx_hal_msp.c
2023-06-06 14:56:31,841 [INFO] CodeEngine:255 - oldGeneratedFile, C:\Users\jasie\STM32CubeIDE\BMa\SweetDreams\MXTmpFiles\system.tmp_save
2023-06-06 14:56:31,969 [INFO] CodeEngine:279 - Generated code: C:\Users\jasie\STM32CubeIDE\BMa\SweetDreams\MXTmpFiles\system.tmp
2023-06-06 14:56:32,010 [INFO] CodeEngine:311 - oldGeneratedFile, C:\Users\jasie\STM32CubeIDE\BMa\SweetDreams\Core\Inc\stm32l0xx_hal_conf.h_save
2023-06-06 14:56:32,174 [INFO] CodeEngine:335 - Generated code: C:\Users\jasie\STM32CubeIDE\BMa\SweetDreams\Core\Inc\stm32l0xx_hal_conf.h
2023-06-06 14:56:32,236 [WARN] IPConfigManager:3431 - IP not found : TIM
2023-06-06 14:56:32,238 [WARN] CodeGenerator:3754 - IP not found : null
2023-06-06 14:56:32,273 [INFO] CodeEngine:255 - oldGeneratedFile, C:\Users\jasie\STM32CubeIDE\BMa\SweetDreams\Core\Inc\main.h_save
2023-06-06 14:56:32,438 [INFO] CodeEngine:279 - Generated code: C:\Users\jasie\STM32CubeIDE\BMa\SweetDreams\Core\Inc\main.h
2023-06-06 14:56:32,478 [INFO] CodeEngine:255 - oldGeneratedFile, C:\Users\jasie\STM32CubeIDE\BMa\SweetDreams\Core\Src\main.c_save
2023-06-06 14:56:32,799 [INFO] CodeEngine:279 - Generated code: C:\Users\jasie\STM32CubeIDE\BMa\SweetDreams\Core\Src\main.c
2023-06-06 14:56:34,011 [INFO] ProjectBuilder:2996 - Time for Copy HAL[1] : 346mS.
2023-06-06 14:56:34,036 [INFO] ProjectBuilder:4304 - Project Generator version: 3.19.2
2023-06-06 14:56:34,527 [INFO] ConfigFileManager:1483 - The Die is : DIE417
2023-06-06 14:56:34,561 [INFO] ApiDbMcu:507 - Load IP Config File for FATFS
2023-06-06 14:56:34,606 [INFO] ApiDbMcu:507 - Load IP Config File for FREERTOS
2023-06-06 14:56:36,429 [INFO] LogOutputStream:77 - [STDOUT_REDIRECT] 
2023-06-06 14:56:39,385 [INFO] ProjectBuilder:4505 - Time for Generating toolchain IDE Files: 5348mS.
2023-06-06 14:56:39,387 [INFO] ProjectBuilder:2867 - Time for Copy CMSIS : 1mS.
2023-06-06 14:56:39,390 [INFO] ProjectBuilder:2867 - Time for Copy CMSIS : 0mS.
2023-06-06 15:23:56,740 [INFO] UtilMem:75 - End SaveConfig() Used Memory: 623243248 Bytes (984612864)
2023-06-06 15:23:57,699 [INFO] UtilMem:75 - End SaveConfig() Used Memory: 640697744 Bytes (984612864)
2023-06-06 15:23:59,373 [INFO] UtilMem:75 - End SaveConfig() Used Memory: 702009232 Bytes (984612864)
2023-06-06 15:23:59,842 [INFO] BlockDiagram:2759 - set Specific Code input for plugin: ADC
2023-06-06 15:23:59,842 [INFO] BlockDiagram:2759 - set Specific Code input for plugin: RTC
2023-06-06 15:23:59,842 [INFO] BlockDiagram:2759 - set Specific Code input for plugin: SPI
2023-06-06 15:23:59,843 [INFO] BlockDiagram:2759 - set Specific Code input for plugin: NVIC
2023-06-06 15:23:59,843 [INFO] BlockDiagram:2759 - set Specific Code input for plugin: GPIO
2023-06-06 15:23:59,843 [INFO] BlockDiagram:2759 - set Specific Code input for plugin: USART
2023-06-06 15:23:59,843 [INFO] BlockDiagram:2759 - set Specific Code input for plugin: RCC
2023-06-06 15:23:59,843 [INFO] BlockDiagram:2759 - set Specific Code input for plugin: DMA
2023-06-06 15:23:59,843 [INFO] BlockDiagram:2759 - set Specific Code input for plugin: TIM6_7L0
2023-06-06 15:23:59,845 [INFO] CodeGenerator:793 - code generatio: config db path: C:\ST\STM32CubeIDE_1.12.0\STM32CubeIDE\plugins\com.st.stm32cube.common.mx_6.8.0.202302231600\\db\
2023-06-06 15:23:59,854 [INFO] Argument:319 - Argument : hdmavalue: null
2023-06-06 15:23:59,854 [INFO] Argument:321 - 	 sub Args: 
2023-06-06 15:23:59,855 [INFO] Argument:319 - Argument : Instancevalue: DMA1_Channel1
2023-06-06 15:23:59,855 [INFO] Argument:329 - Argument : Instancevalue: DMA1_Channel1
2023-06-06 15:23:59,855 [INFO] Argument:319 - Argument : Initvalue: null
2023-06-06 15:23:59,855 [INFO] Argument:321 - 	 sub Args: 
2023-06-06 15:23:59,855 [INFO] Argument:319 - Argument : Requestvalue: DMA_REQUEST_0
2023-06-06 15:23:59,855 [INFO] Argument:329 - Argument : Requestvalue: DMA_REQUEST_0
2023-06-06 15:23:59,855 [INFO] Argument:319 - Argument : Directionvalue: DMA_PERIPH_TO_MEMORY
2023-06-06 15:23:59,855 [INFO] Argument:329 - Argument : Directionvalue: DMA_PERIPH_TO_MEMORY
2023-06-06 15:23:59,856 [INFO] Argument:319 - Argument : PeriphIncvalue: DMA_PINC_DISABLE
2023-06-06 15:23:59,856 [INFO] Argument:329 - Argument : PeriphIncvalue: DMA_PINC_DISABLE
2023-06-06 15:23:59,856 [INFO] Argument:319 - Argument : MemIncvalue: DMA_MINC_ENABLE
2023-06-06 15:23:59,856 [INFO] Argument:329 - Argument : MemIncvalue: DMA_MINC_ENABLE
2023-06-06 15:23:59,856 [INFO] Argument:319 - Argument : PeriphDataAlignmentvalue: DMA_PDATAALIGN_BYTE
2023-06-06 15:23:59,856 [INFO] Argument:329 - Argument : PeriphDataAlignmentvalue: DMA_PDATAALIGN_BYTE
2023-06-06 15:23:59,856 [INFO] Argument:319 - Argument : MemDataAlignmentvalue: DMA_MDATAALIGN_BYTE
2023-06-06 15:23:59,856 [INFO] Argument:329 - Argument : MemDataAlignmentvalue: DMA_MDATAALIGN_BYTE
2023-06-06 15:23:59,856 [INFO] Argument:319 - Argument : Modevalue: DMA_CIRCULAR
2023-06-06 15:23:59,856 [INFO] Argument:329 - Argument : Modevalue: DMA_CIRCULAR
2023-06-06 15:23:59,856 [INFO] Argument:319 - Argument : Priorityvalue: DMA_PRIORITY_LOW
2023-06-06 15:23:59,857 [INFO] Argument:329 - Argument : Priorityvalue: DMA_PRIORITY_LOW
2023-06-06 15:23:59,857 [INFO] Argument:319 - Argument : Lockvalue: null
2023-06-06 15:23:59,857 [INFO] Argument:329 - Argument : Lockvalue: null
2023-06-06 15:23:59,857 [INFO] Argument:319 - Argument : Statevalue: null
2023-06-06 15:23:59,857 [INFO] Argument:329 - Argument : Statevalue: null
2023-06-06 15:23:59,857 [INFO] Argument:319 - Argument : Parentvalue: null
2023-06-06 15:23:59,857 [INFO] Argument:329 - Argument : Parentvalue: null
2023-06-06 15:23:59,857 [INFO] Argument:319 - Argument : XferCpltCallbackvalue: null
2023-06-06 15:23:59,857 [INFO] Argument:329 - Argument : XferCpltCallbackvalue: null
2023-06-06 15:23:59,857 [INFO] Argument:319 - Argument : XferHalfCpltCallbackvalue: null
2023-06-06 15:23:59,857 [INFO] Argument:329 - Argument : XferHalfCpltCallbackvalue: null
2023-06-06 15:23:59,858 [INFO] Argument:319 - Argument : XferErrorCallbackvalue: null
2023-06-06 15:23:59,858 [INFO] Argument:329 - Argument : XferErrorCallbackvalue: null
2023-06-06 15:23:59,858 [INFO] Argument:319 - Argument : ErrorCodevalue: null
2023-06-06 15:23:59,858 [INFO] Argument:329 - Argument : ErrorCodevalue: null
2023-06-06 15:24:00,100 [INFO] CodeEngine:255 - oldGeneratedFile, C:\Users\jasie\STM32CubeIDE\BMa\SweetDreams\MXTmpFiles\license.tmp_save
2023-06-06 15:24:00,447 [INFO] CodeEngine:279 - Generated code: C:\Users\jasie\STM32CubeIDE\BMa\SweetDreams\MXTmpFiles\license.tmp
2023-06-06 15:24:00,544 [INFO] CodeEngine:255 - oldGeneratedFile, C:\Users\jasie\STM32CubeIDE\BMa\SweetDreams\MXTmpFiles\gpio.tmp_save
2023-06-06 15:24:00,721 [INFO] CodeEngine:279 - Generated code: C:\Users\jasie\STM32CubeIDE\BMa\SweetDreams\MXTmpFiles\gpio.tmp
2023-06-06 15:24:01,389 [INFO] CodeEngine:255 - oldGeneratedFile, C:\Users\jasie\STM32CubeIDE\BMa\SweetDreams\MXTmpFiles\dma.tmp_save
2023-06-06 15:24:01,578 [INFO] CodeEngine:279 - Generated code: C:\Users\jasie\STM32CubeIDE\BMa\SweetDreams\MXTmpFiles\dma.tmp
2023-06-06 15:24:01,583 [INFO] CodeEngine:255 - oldGeneratedFile, C:\Users\jasie\STM32CubeIDE\BMa\SweetDreams\MXTmpFiles\dma_GV.tmp_save
2023-06-06 15:24:01,693 [INFO] CodeEngine:279 - Generated code: C:\Users\jasie\STM32CubeIDE\BMa\SweetDreams\MXTmpFiles\dma_GV.tmp
2023-06-06 15:24:01,722 [INFO] CodeEngine:255 - oldGeneratedFile, C:\Users\jasie\STM32CubeIDE\BMa\SweetDreams\Core\Src\stm32l0xx_it.c_save
2023-06-06 15:24:02,243 [INFO] CodeEngine:279 - Generated code: C:\Users\jasie\STM32CubeIDE\BMa\SweetDreams\Core\Src\stm32l0xx_it.c
2023-06-06 15:24:02,253 [INFO] CodeEngine:255 - oldGeneratedFile, C:\Users\jasie\STM32CubeIDE\BMa\SweetDreams\Core\Inc\stm32l0xx_it.h_save
2023-06-06 15:24:02,421 [INFO] CodeEngine:279 - Generated code: C:\Users\jasie\STM32CubeIDE\BMa\SweetDreams\Core\Inc\stm32l0xx_it.h
2023-06-06 15:24:02,559 [INFO] CodeEngine:255 - oldGeneratedFile, C:\Users\jasie\STM32CubeIDE\BMa\SweetDreams\Core\Src\stm32l0xx_hal_msp.c_save
2023-06-06 15:24:03,050 [INFO] CodeEngine:279 - Generated code: C:\Users\jasie\STM32CubeIDE\BMa\SweetDreams\Core\Src\stm32l0xx_hal_msp.c
2023-06-06 15:24:03,087 [INFO] CodeEngine:255 - oldGeneratedFile, C:\Users\jasie\STM32CubeIDE\BMa\SweetDreams\MXTmpFiles\system.tmp_save
2023-06-06 15:24:03,223 [INFO] CodeEngine:279 - Generated code: C:\Users\jasie\STM32CubeIDE\BMa\SweetDreams\MXTmpFiles\system.tmp
2023-06-06 15:24:03,249 [INFO] CodeEngine:311 - oldGeneratedFile, C:\Users\jasie\STM32CubeIDE\BMa\SweetDreams\Core\Inc\stm32l0xx_hal_conf.h_save
2023-06-06 15:24:03,409 [INFO] CodeEngine:335 - Generated code: C:\Users\jasie\STM32CubeIDE\BMa\SweetDreams\Core\Inc\stm32l0xx_hal_conf.h
2023-06-06 15:24:03,451 [WARN] IPConfigManager:3431 - IP not found : TIM
2023-06-06 15:24:03,451 [WARN] CodeGenerator:3754 - IP not found : null
2023-06-06 15:24:03,470 [INFO] CodeEngine:255 - oldGeneratedFile, C:\Users\jasie\STM32CubeIDE\BMa\SweetDreams\Core\Inc\main.h_save
2023-06-06 15:24:03,611 [INFO] CodeEngine:279 - Generated code: C:\Users\jasie\STM32CubeIDE\BMa\SweetDreams\Core\Inc\main.h
2023-06-06 15:24:03,629 [INFO] CodeEngine:255 - oldGeneratedFile, C:\Users\jasie\STM32CubeIDE\BMa\SweetDreams\Core\Src\main.c_save
2023-06-06 15:24:03,911 [INFO] CodeEngine:279 - Generated code: C:\Users\jasie\STM32CubeIDE\BMa\SweetDreams\Core\Src\main.c
2023-06-06 15:24:04,942 [INFO] ProjectBuilder:2996 - Time for Copy HAL[1] : 339mS.
2023-06-06 15:24:04,950 [INFO] ProjectBuilder:4304 - Project Generator version: 3.19.2
2023-06-06 15:24:05,398 [INFO] ConfigFileManager:1483 - The Die is : DIE417
2023-06-06 15:24:07,879 [INFO] ProjectBuilder:4505 - Time for Generating toolchain IDE Files: 2928mS.
2023-06-06 15:24:07,880 [INFO] ProjectBuilder:2867 - Time for Copy CMSIS : 1mS.
2023-06-06 15:24:07,925 [INFO] ProjectBuilder:2867 - Time for Copy CMSIS : 0mS.
2023-06-06 15:39:38,883 [INFO] NvicIntPanel:101 - NVIC parent = com.st.microxplorer.plugins.ip.nvic.MultiNvicIntPanel[,0,0,521x230,layout=javax.swing.BoxLayout,alignmentX=0.0,alignmentY=0.0,border=,flags=9,maximumSize=,minimumSize=,preferredSize=]
2023-06-06 15:39:52,755 [INFO] NvicIntPanel:101 - NVIC parent = com.st.microxplorer.plugins.ip.nvic.MultiNvicIntPanel[,0,0,0x0,invalid,layout=javax.swing.BoxLayout,alignmentX=0.0,alignmentY=0.0,border=,flags=9,maximumSize=,minimumSize=,preferredSize=]
2023-06-06 15:39:59,919 [INFO] NvicIntPanel:101 - NVIC parent = com.st.microxplorer.plugins.ip.nvic.MultiNvicIntPanel[,0,0,0x0,invalid,layout=javax.swing.BoxLayout,alignmentX=0.0,alignmentY=0.0,border=,flags=9,maximumSize=,minimumSize=,preferredSize=]
2023-06-06 15:40:00,559 [INFO] NvicIntPanel:101 - NVIC parent = com.st.microxplorer.plugins.ip.nvic.MultiNvicIntPanel[,0,0,0x0,invalid,layout=javax.swing.BoxLayout,alignmentX=0.0,alignmentY=0.0,border=,flags=9,maximumSize=,minimumSize=,preferredSize=]
2023-06-06 16:09:59,299 [INFO] NvicIntPanel:101 - NVIC parent = com.st.microxplorer.plugins.ip.nvic.MultiNvicIntPanel[,0,0,0x0,invalid,layout=javax.swing.BoxLayout,alignmentX=0.0,alignmentY=0.0,border=,flags=9,maximumSize=,minimumSize=,preferredSize=]
2023-06-06 16:11:21,626 [INFO] UtilMem:75 - End SaveConfig() Used Memory: 652859648 Bytes (998244352)
2023-06-06 16:11:22,548 [INFO] UtilMem:75 - End SaveConfig() Used Memory: 671734016 Bytes (998244352)
2023-06-06 16:11:25,122 [INFO] UtilMem:75 - End SaveConfig() Used Memory: 744160280 Bytes (998244352)
2023-06-06 16:11:25,394 [INFO] BlockDiagram:2759 - set Specific Code input for plugin: ADC
2023-06-06 16:11:25,395 [INFO] BlockDiagram:2759 - set Specific Code input for plugin: RTC
2023-06-06 16:11:25,395 [INFO] BlockDiagram:2759 - set Specific Code input for plugin: SPI
2023-06-06 16:11:25,395 [INFO] BlockDiagram:2759 - set Specific Code input for plugin: NVIC
2023-06-06 16:11:25,395 [INFO] BlockDiagram:2759 - set Specific Code input for plugin: GPIO
2023-06-06 16:11:25,395 [INFO] BlockDiagram:2759 - set Specific Code input for plugin: USART
2023-06-06 16:11:25,395 [INFO] BlockDiagram:2759 - set Specific Code input for plugin: RCC
2023-06-06 16:11:25,395 [INFO] BlockDiagram:2759 - set Specific Code input for plugin: DMA
2023-06-06 16:11:25,396 [INFO] CodeGenerator:793 - code generatio: config db path: C:\ST\STM32CubeIDE_1.12.0\STM32CubeIDE\plugins\com.st.stm32cube.common.mx_6.8.0.202302231600\\db\
2023-06-06 16:11:25,398 [INFO] Argument:319 - Argument : hdmavalue: null
2023-06-06 16:11:25,398 [INFO] Argument:321 - 	 sub Args: 
2023-06-06 16:11:25,398 [INFO] Argument:319 - Argument : Instancevalue: DMA1_Channel1
2023-06-06 16:11:25,398 [INFO] Argument:329 - Argument : Instancevalue: DMA1_Channel1
2023-06-06 16:11:25,398 [INFO] Argument:319 - Argument : Initvalue: null
2023-06-06 16:11:25,398 [INFO] Argument:321 - 	 sub Args: 
2023-06-06 16:11:25,398 [INFO] Argument:319 - Argument : Requestvalue: DMA_REQUEST_0
2023-06-06 16:11:25,398 [INFO] Argument:329 - Argument : Requestvalue: DMA_REQUEST_0
2023-06-06 16:11:25,398 [INFO] Argument:319 - Argument : Directionvalue: DMA_PERIPH_TO_MEMORY
2023-06-06 16:11:25,398 [INFO] Argument:329 - Argument : Directionvalue: DMA_PERIPH_TO_MEMORY
2023-06-06 16:11:25,398 [INFO] Argument:319 - Argument : PeriphIncvalue: DMA_PINC_DISABLE
2023-06-06 16:11:25,398 [INFO] Argument:329 - Argument : PeriphIncvalue: DMA_PINC_DISABLE
2023-06-06 16:11:25,398 [INFO] Argument:319 - Argument : MemIncvalue: DMA_MINC_ENABLE
2023-06-06 16:11:25,399 [INFO] Argument:329 - Argument : MemIncvalue: DMA_MINC_ENABLE
2023-06-06 16:11:25,399 [INFO] Argument:319 - Argument : PeriphDataAlignmentvalue: DMA_PDATAALIGN_BYTE
2023-06-06 16:11:25,399 [INFO] Argument:329 - Argument : PeriphDataAlignmentvalue: DMA_PDATAALIGN_BYTE
2023-06-06 16:11:25,399 [INFO] Argument:319 - Argument : MemDataAlignmentvalue: DMA_MDATAALIGN_BYTE
2023-06-06 16:11:25,399 [INFO] Argument:329 - Argument : MemDataAlignmentvalue: DMA_MDATAALIGN_BYTE
2023-06-06 16:11:25,399 [INFO] Argument:319 - Argument : Modevalue: DMA_CIRCULAR
2023-06-06 16:11:25,399 [INFO] Argument:329 - Argument : Modevalue: DMA_CIRCULAR
2023-06-06 16:11:25,399 [INFO] Argument:319 - Argument : Priorityvalue: DMA_PRIORITY_LOW
2023-06-06 16:11:25,399 [INFO] Argument:329 - Argument : Priorityvalue: DMA_PRIORITY_LOW
2023-06-06 16:11:25,399 [INFO] Argument:319 - Argument : Lockvalue: null
2023-06-06 16:11:25,399 [INFO] Argument:329 - Argument : Lockvalue: null
2023-06-06 16:11:25,399 [INFO] Argument:319 - Argument : Statevalue: null
2023-06-06 16:11:25,399 [INFO] Argument:329 - Argument : Statevalue: null
2023-06-06 16:11:25,399 [INFO] Argument:319 - Argument : Parentvalue: null
2023-06-06 16:11:25,399 [INFO] Argument:329 - Argument : Parentvalue: null
2023-06-06 16:11:25,399 [INFO] Argument:319 - Argument : XferCpltCallbackvalue: null
2023-06-06 16:11:25,400 [INFO] Argument:329 - Argument : XferCpltCallbackvalue: null
2023-06-06 16:11:25,400 [INFO] Argument:319 - Argument : XferHalfCpltCallbackvalue: null
2023-06-06 16:11:25,400 [INFO] Argument:329 - Argument : XferHalfCpltCallbackvalue: null
2023-06-06 16:11:25,400 [INFO] Argument:319 - Argument : XferErrorCallbackvalue: null
2023-06-06 16:11:25,400 [INFO] Argument:329 - Argument : XferErrorCallbackvalue: null
2023-06-06 16:11:25,400 [INFO] Argument:319 - Argument : ErrorCodevalue: null
2023-06-06 16:11:25,400 [INFO] Argument:329 - Argument : ErrorCodevalue: null
2023-06-06 16:11:25,637 [INFO] CodeEngine:255 - oldGeneratedFile, C:\Users\jasie\STM32CubeIDE\BMa\SweetDreams\MXTmpFiles\license.tmp_save
2023-06-06 16:11:25,796 [INFO] CodeEngine:279 - Generated code: C:\Users\jasie\STM32CubeIDE\BMa\SweetDreams\MXTmpFiles\license.tmp
2023-06-06 16:11:25,878 [INFO] CodeEngine:255 - oldGeneratedFile, C:\Users\jasie\STM32CubeIDE\BMa\SweetDreams\MXTmpFiles\gpio.tmp_save
2023-06-06 16:11:25,974 [INFO] CodeEngine:279 - Generated code: C:\Users\jasie\STM32CubeIDE\BMa\SweetDreams\MXTmpFiles\gpio.tmp
2023-06-06 16:11:26,291 [INFO] CodeEngine:255 - oldGeneratedFile, C:\Users\jasie\STM32CubeIDE\BMa\SweetDreams\MXTmpFiles\dma.tmp_save
2023-06-06 16:11:26,402 [INFO] CodeEngine:279 - Generated code: C:\Users\jasie\STM32CubeIDE\BMa\SweetDreams\MXTmpFiles\dma.tmp
2023-06-06 16:11:26,408 [INFO] CodeEngine:255 - oldGeneratedFile, C:\Users\jasie\STM32CubeIDE\BMa\SweetDreams\MXTmpFiles\dma_GV.tmp_save
2023-06-06 16:11:26,450 [INFO] CodeEngine:279 - Generated code: C:\Users\jasie\STM32CubeIDE\BMa\SweetDreams\MXTmpFiles\dma_GV.tmp
2023-06-06 16:11:26,471 [INFO] CodeEngine:255 - oldGeneratedFile, C:\Users\jasie\STM32CubeIDE\BMa\SweetDreams\Core\Src\stm32l0xx_it.c_save
2023-06-06 16:11:26,615 [INFO] CodeEngine:279 - Generated code: C:\Users\jasie\STM32CubeIDE\BMa\SweetDreams\Core\Src\stm32l0xx_it.c
2023-06-06 16:11:26,626 [INFO] CodeEngine:255 - oldGeneratedFile, C:\Users\jasie\STM32CubeIDE\BMa\SweetDreams\Core\Inc\stm32l0xx_it.h_save
2023-06-06 16:11:26,694 [INFO] CodeEngine:279 - Generated code: C:\Users\jasie\STM32CubeIDE\BMa\SweetDreams\Core\Inc\stm32l0xx_it.h
2023-06-06 16:11:26,743 [INFO] CodeEngine:255 - oldGeneratedFile, C:\Users\jasie\STM32CubeIDE\BMa\SweetDreams\Core\Src\stm32l0xx_hal_msp.c_save
2023-06-06 16:11:26,844 [INFO] CodeEngine:279 - Generated code: C:\Users\jasie\STM32CubeIDE\BMa\SweetDreams\Core\Src\stm32l0xx_hal_msp.c
2023-06-06 16:11:26,857 [INFO] CodeEngine:255 - oldGeneratedFile, C:\Users\jasie\STM32CubeIDE\BMa\SweetDreams\MXTmpFiles\system.tmp_save
2023-06-06 16:11:26,912 [INFO] CodeEngine:279 - Generated code: C:\Users\jasie\STM32CubeIDE\BMa\SweetDreams\MXTmpFiles\system.tmp
2023-06-06 16:11:26,932 [INFO] CodeEngine:311 - oldGeneratedFile, C:\Users\jasie\STM32CubeIDE\BMa\SweetDreams\Core\Inc\stm32l0xx_hal_conf.h_save
2023-06-06 16:11:27,007 [INFO] CodeEngine:335 - Generated code: C:\Users\jasie\STM32CubeIDE\BMa\SweetDreams\Core\Inc\stm32l0xx_hal_conf.h
2023-06-06 16:11:27,055 [INFO] CodeEngine:255 - oldGeneratedFile, C:\Users\jasie\STM32CubeIDE\BMa\SweetDreams\Core\Inc\main.h_save
2023-06-06 16:11:27,124 [INFO] CodeEngine:279 - Generated code: C:\Users\jasie\STM32CubeIDE\BMa\SweetDreams\Core\Inc\main.h
2023-06-06 16:11:27,140 [INFO] CodeEngine:255 - oldGeneratedFile, C:\Users\jasie\STM32CubeIDE\BMa\SweetDreams\Core\Src\main.c_save
2023-06-06 16:11:27,286 [INFO] CodeEngine:279 - Generated code: C:\Users\jasie\STM32CubeIDE\BMa\SweetDreams\Core\Src\main.c
2023-06-06 16:11:27,822 [INFO] ProjectBuilder:2996 - Time for Copy HAL[1] : 177mS.
2023-06-06 16:11:27,825 [INFO] ProjectBuilder:4304 - Project Generator version: 3.19.2
2023-06-06 16:11:28,181 [INFO] ConfigFileManager:1483 - The Die is : DIE417
2023-06-06 16:11:30,094 [INFO] ProjectBuilder:4505 - Time for Generating toolchain IDE Files: 2269mS.
2023-06-06 16:11:30,094 [INFO] ProjectBuilder:2867 - Time for Copy CMSIS : 0mS.
2023-06-06 16:11:30,097 [INFO] ProjectBuilder:2867 - Time for Copy CMSIS : 0mS.
